2023-04-06 18:52:06.221 | DEBUG    | hcaptcha_challenger._solutions.kernel:_request_asset:320 - Downloading objects.yaml from https://raw.githubusercontent.com/QIN2DIM/hcaptcha-challenger/main/src/objects.yaml
2023-04-06 18:52:06.449 | DEBUG    | hcaptcha_challenger._solutions.kernel:request_assets:148 - Pulling AssetsObject from https://api.github.com/repos/QIN2DIM/hcaptcha-challenger/releases
2023-04-06 18:52:06.878 | DEBUG    | hcaptcha_challenger._solutions.kernel:_request_asset:320 - Downloading yolov6n.onnx from https://github.com/QIN2DIM/hcaptcha-challenger/releases/download/model/yolov6n.onnx
2023-04-06 18:52:16.202 | INFO     | services.deploy:job_loop_claim:104 - >> STARTUP [AwesomeScheduler] SynergyTunnel - version=0.4.4-dev Pattern=False
2023-04-06 18:52:18.540 | INFO     | services.bricklayer.core:refresh_ctx_cookies:691 - >> MATCH [__context__] 🎮启动挑战者上下文
2023-04-06 18:52:18.592 | INFO     | services.bricklayer.core:login:491 - >> MATCH [CookieManager] 刷新令牌
2023-04-06 18:52:28.821 | INFO     | services.bricklayer.core:login:526 - >> MATCH [CookieManager] 实体信息注入完毕
2023-04-06 18:52:28.821 | INFO     | services.bricklayer.core:fall_in_captcha_login:36 - >> ARMOR [ArmorUtils] 正在检测隐藏在登录界面的人机挑战...
2023-04-06 18:52:30.904 | DEBUG    | hcaptcha_challenger.core:log:317 - >> Challenge [ArmorCaptcha] Get label - label=「猫 T 恤」
2023-04-06 18:52:30.905 | DEBUG    | hcaptcha_challenger.core:log:317 - >> Challenge [ArmorCaptcha] 正在编排索引
2023-04-06 18:52:31.405 | DEBUG    | hcaptcha_challenger.core:log:317 - >> Challenge [ArmorCaptcha] 正在下载挑战图片
2023-04-06 18:52:33.058 | DEBUG    | hcaptcha_challenger.core:log:317 - >> Challenge [ArmorCaptcha] Download challenge images - timeit=1.65s
2023-04-06 18:52:33.236 | INFO     | services.bricklayer.core:login:491 - >> MATCH [CookieManager] 刷新令牌
2023-04-06 18:52:42.599 | INFO     | services.bricklayer.core:login:526 - >> MATCH [CookieManager] 实体信息注入完毕
2023-04-06 18:52:42.599 | INFO     | services.bricklayer.core:fall_in_captcha_login:36 - >> ARMOR [ArmorUtils] 正在检测隐藏在登录界面的人机挑战...
2023-04-06 18:52:44.722 | DEBUG    | hcaptcha_challenger.core:log:317 - >> Challenge [ArmorCaptcha] Get label - label=「猫 T 恤」
2023-04-06 18:52:44.722 | DEBUG    | hcaptcha_challenger.core:log:317 - >> Challenge [ArmorCaptcha] 正在编排索引
2023-04-06 18:52:45.110 | DEBUG    | hcaptcha_challenger.core:log:317 - >> Challenge [ArmorCaptcha] 正在下载挑战图片
2023-04-06 18:52:46.438 | DEBUG    | hcaptcha_challenger.core:log:317 - >> Challenge [ArmorCaptcha] Download challenge images - timeit=1.33s
2023-04-06 18:52:46.588 | INFO     | services.bricklayer.core:login:491 - >> MATCH [CookieManager] 刷新令牌
2023-04-06 18:52:57.306 | INFO     | services.bricklayer.core:login:526 - >> MATCH [CookieManager] 实体信息注入完毕
2023-04-06 18:52:57.306 | INFO     | services.bricklayer.core:fall_in_captcha_login:36 - >> ARMOR [ArmorUtils] 正在检测隐藏在登录界面的人机挑战...
2023-04-06 18:52:59.393 | DEBUG    | hcaptcha_challenger.core:log:317 - >> Challenge [ArmorCaptcha] Get label - label=「猫 T 恤」
2023-04-06 18:52:59.393 | DEBUG    | hcaptcha_challenger.core:log:317 - >> Challenge [ArmorCaptcha] 正在编排索引
2023-04-06 18:52:59.779 | DEBUG    | hcaptcha_challenger.core:log:317 - >> Challenge [ArmorCaptcha] 正在下载挑战图片
2023-04-06 18:53:01.051 | DEBUG    | hcaptcha_challenger.core:log:317 - >> Challenge [ArmorCaptcha] Download challenge images - timeit=1.27s
2023-04-06 18:53:01.211 | INFO     | services.bricklayer.core:login:491 - >> MATCH [CookieManager] 刷新令牌
2023-04-06 18:53:08.757 | INFO     | services.bricklayer.core:login:526 - >> MATCH [CookieManager] 实体信息注入完毕
2023-04-06 18:53:08.757 | INFO     | services.bricklayer.core:fall_in_captcha_login:36 - >> ARMOR [ArmorUtils] 正在检测隐藏在登录界面的人机挑战...
2023-04-06 18:53:10.906 | DEBUG    | hcaptcha_challenger.core:log:317 - >> Challenge [ArmorCaptcha] Get label - label=「猫 T 恤」
2023-04-06 18:53:10.906 | DEBUG    | hcaptcha_challenger.core:log:317 - >> Challenge [ArmorCaptcha] 正在编排索引
2023-04-06 18:53:11.268 | DEBUG    | hcaptcha_challenger.core:log:317 - >> Challenge [ArmorCaptcha] 正在下载挑战图片
2023-04-06 18:53:12.626 | DEBUG    | hcaptcha_challenger.core:log:317 - >> Challenge [ArmorCaptcha] Download challenge images - timeit=1.36s
2023-04-06 18:53:12.805 | INFO     | services.bricklayer.core:login:491 - >> MATCH [CookieManager] 刷新令牌
2023-04-06 18:53:20.673 | INFO     | services.bricklayer.core:login:526 - >> MATCH [CookieManager] 实体信息注入完毕
2023-04-06 18:53:20.674 | INFO     | services.bricklayer.core:fall_in_captcha_login:36 - >> ARMOR [ArmorUtils] 正在检测隐藏在登录界面的人机挑战...
2023-04-06 18:53:22.819 | DEBUG    | hcaptcha_challenger.core:log:317 - >> Challenge [ArmorCaptcha] Get label - label=「狗 T 恤」
2023-04-06 18:53:22.819 | DEBUG    | hcaptcha_challenger.core:log:317 - >> Challenge [ArmorCaptcha] 正在编排索引
2023-04-06 18:53:23.142 | DEBUG    | hcaptcha_challenger.core:log:317 - >> Challenge [ArmorCaptcha] 正在下载挑战图片
2023-04-06 18:53:24.358 | DEBUG    | hcaptcha_challenger.core:log:317 - >> Challenge [ArmorCaptcha] Download challenge images - timeit=1.22s
2023-04-06 18:53:24.542 | INFO     | services.bricklayer.core:login:491 - >> MATCH [CookieManager] 刷新令牌
2023-04-06 18:53:34.104 | INFO     | services.bricklayer.core:login:526 - >> MATCH [CookieManager] 实体信息注入完毕
2023-04-06 18:53:34.104 | INFO     | services.bricklayer.core:fall_in_captcha_login:36 - >> ARMOR [ArmorUtils] 正在检测隐藏在登录界面的人机挑战...
2023-04-06 18:53:36.234 | DEBUG    | hcaptcha_challenger.core:log:317 - >> Challenge [ArmorCaptcha] Get label - label=「热狗」
2023-04-06 18:53:36.235 | DEBUG    | hcaptcha_challenger.core:log:317 - >> Challenge [ArmorCaptcha] 正在编排索引
2023-04-06 18:53:36.567 | DEBUG    | hcaptcha_challenger.core:log:317 - >> Challenge [ArmorCaptcha] 正在下载挑战图片
2023-04-06 18:53:37.821 | DEBUG    | hcaptcha_challenger.core:log:317 - >> Challenge [ArmorCaptcha] Download challenge images - timeit=1.25s
2023-04-06 18:53:37.824 | DEBUG    | hcaptcha_challenger._solutions.kernel:_request_asset:320 - Downloading hot_dog.onnx from https://github.com/QIN2DIM/hcaptcha-challenger/releases/download/model/hot_dog.onnx
2023-04-06 18:53:40.137 | DEBUG    | hcaptcha_challenger.core:log:317 - >> Challenge [ArmorCaptcha] Submit the challenge - hot_dog(ResNet)_model: 0.55s
2023-04-06 18:53:40.147 | DEBUG    | hcaptcha_challenger.core:log:317 - >> Challenge [ArmorCaptcha] 获取响应 - desc=继续挑战(continue)
2023-04-06 18:53:42.162 | DEBUG    | hcaptcha_challenger.core:log:317 - >> Challenge [ArmorCaptcha] Get label - label=「热狗」
2023-04-06 18:53:42.163 | DEBUG    | hcaptcha_challenger.core:log:317 - >> Challenge [ArmorCaptcha] 正在编排索引
2023-04-06 18:53:42.488 | DEBUG    | hcaptcha_challenger.core:log:317 - >> Challenge [ArmorCaptcha] 正在下载挑战图片
2023-04-06 18:53:43.883 | DEBUG    | hcaptcha_challenger.core:log:317 - >> Challenge [ArmorCaptcha] Download challenge images - timeit=1.4s
2023-04-06 18:53:45.509 | DEBUG    | hcaptcha_challenger.core:log:317 - >> Challenge [ArmorCaptcha] Submit the challenge - hot_dog(ResNet)_model: 0.01s
2023-04-06 18:53:45.552 | DEBUG    | hcaptcha_challenger.core:log:317 - >> Challenge [ArmorCaptcha] Checkout - status=再试一次
2023-04-06 18:53:45.552 | DEBUG    | hcaptcha_challenger.core:log:317 - >> Challenge [ArmorCaptcha] 获取响应 - desc=继续挑战(continue)
2023-04-06 18:53:47.554 | INFO     | services.bricklayer.core:login:491 - >> MATCH [CookieManager] 刷新令牌
2023-04-06 18:53:56.976 | INFO     | services.bricklayer.core:login:526 - >> MATCH [CookieManager] 实体信息注入完毕
2023-04-06 18:53:56.976 | INFO     | services.bricklayer.core:fall_in_captcha_login:36 - >> ARMOR [ArmorUtils] 正在检测隐藏在登录界面的人机挑战...
2023-04-06 18:53:59.080 | DEBUG    | hcaptcha_challenger.core:log:317 - >> Challenge [ArmorCaptcha] Get label - label=「猫 T 恤」
2023-04-06 18:53:59.081 | DEBUG    | hcaptcha_challenger.core:log:317 - >> Challenge [ArmorCaptcha] 正在编排索引
2023-04-06 18:53:59.427 | DEBUG    | hcaptcha_challenger.core:log:317 - >> Challenge [ArmorCaptcha] 正在下载挑战图片
2023-04-06 18:54:00.640 | DEBUG    | hcaptcha_challenger.core:log:317 - >> Challenge [ArmorCaptcha] Download challenge images - timeit=1.21s
2023-04-06 18:54:00.795 | INFO     | services.bricklayer.core:login:491 - >> MATCH [CookieManager] 刷新令牌
2023-04-06 18:54:10.370 | INFO     | services.bricklayer.core:login:526 - >> MATCH [CookieManager] 实体信息注入完毕
2023-04-06 18:54:10.371 | INFO     | services.bricklayer.core:fall_in_captcha_login:36 - >> ARMOR [ArmorUtils] 正在检测隐藏在登录界面的人机挑战...
2023-04-06 18:54:12.479 | DEBUG    | hcaptcha_challenger.core:log:317 - >> Challenge [ArmorCaptcha] Get label - label=「猫 T 恤」
2023-04-06 18:54:12.479 | DEBUG    | hcaptcha_challenger.core:log:317 - >> Challenge [ArmorCaptcha] 正在编排索引
2023-04-06 18:54:12.829 | DEBUG    | hcaptcha_challenger.core:log:317 - >> Challenge [ArmorCaptcha] 正在下载挑战图片
2023-04-06 18:54:14.125 | DEBUG    | hcaptcha_challenger.core:log:317 - >> Challenge [ArmorCaptcha] Download challenge images - timeit=1.3s
2023-04-06 18:54:14.287 | INFO     | services.bricklayer.core:login:491 - >> MATCH [CookieManager] 刷新令牌
2023-04-06 18:54:22.043 | INFO     | services.bricklayer.core:login:526 - >> MATCH [CookieManager] 实体信息注入完毕
2023-04-06 18:54:22.043 | INFO     | services.bricklayer.core:fall_in_captcha_login:36 - >> ARMOR [ArmorUtils] 正在检测隐藏在登录界面的人机挑战...
2023-04-06 18:54:24.192 | DEBUG    | hcaptcha_challenger.core:log:317 - >> Challenge [ArmorCaptcha] Get label - label=「狗 T 恤」
2023-04-06 18:54:24.193 | DEBUG    | hcaptcha_challenger.core:log:317 - >> Challenge [ArmorCaptcha] 正在编排索引
2023-04-06 18:54:24.516 | DEBUG    | hcaptcha_challenger.core:log:317 - >> Challenge [ArmorCaptcha] 正在下载挑战图片
2023-04-06 18:54:25.749 | DEBUG    | hcaptcha_challenger.core:log:317 - >> Challenge [ArmorCaptcha] Download challenge images - timeit=1.23s
2023-04-06 18:54:25.908 | INFO     | services.bricklayer.core:login:491 - >> MATCH [CookieManager] 刷新令牌
2023-04-06 18:54:33.604 | INFO     | services.bricklayer.core:login:526 - >> MATCH [CookieManager] 实体信息注入完毕
2023-04-06 18:54:33.605 | INFO     | services.bricklayer.core:fall_in_captcha_login:36 - >> ARMOR [ArmorUtils] 正在检测隐藏在登录界面的人机挑战...
2023-04-06 18:54:35.709 | DEBUG    | hcaptcha_challenger.core:log:317 - >> Challenge [ArmorCaptcha] Get label - label=「狗 T 恤」
2023-04-06 18:54:35.709 | DEBUG    | hcaptcha_challenger.core:log:317 - >> Challenge [ArmorCaptcha] 正在编排索引
2023-04-06 18:54:36.042 | DEBUG    | hcaptcha_challenger.core:log:317 - >> Challenge [ArmorCaptcha] 正在下载挑战图片
2023-04-06 18:54:37.289 | DEBUG    | hcaptcha_challenger.core:log:317 - >> Challenge [ArmorCaptcha] Download challenge images - timeit=1.25s
2023-04-06 18:54:37.453 | INFO     | services.bricklayer.core:login:491 - >> MATCH [CookieManager] 刷新令牌
2023-04-06 18:54:45.806 | INFO     | services.bricklayer.core:login:526 - >> MATCH [CookieManager] 实体信息注入完毕
2023-04-06 18:54:45.806 | INFO     | services.bricklayer.core:fall_in_captcha_login:36 - >> ARMOR [ArmorUtils] 正在检测隐藏在登录界面的人机挑战...
2023-04-06 18:54:47.947 | DEBUG    | hcaptcha_challenger.core:log:317 - >> Challenge [ArmorCaptcha] Get label - label=「狗 T 恤」
2023-04-06 18:54:47.947 | DEBUG    | hcaptcha_challenger.core:log:317 - >> Challenge [ArmorCaptcha] 正在编排索引
2023-04-06 18:54:48.289 | DEBUG    | hcaptcha_challenger.core:log:317 - >> Challenge [ArmorCaptcha] 正在下载挑战图片
2023-04-06 18:54:49.703 | DEBUG    | hcaptcha_challenger.core:log:317 - >> Challenge [ArmorCaptcha] Download challenge images - timeit=1.41s
2023-04-06 18:54:49.850 | INFO     | services.bricklayer.core:login:491 - >> MATCH [CookieManager] 刷新令牌
2023-04-06 18:54:59.293 | INFO     | services.bricklayer.core:login:526 - >> MATCH [CookieManager] 实体信息注入完毕
2023-04-06 18:54:59.294 | INFO     | services.bricklayer.core:fall_in_captcha_login:36 - >> ARMOR [ArmorUtils] 正在检测隐藏在登录界面的人机挑战...
2023-04-06 18:55:01.438 | DEBUG    | hcaptcha_challenger.core:log:317 - >> Challenge [ArmorCaptcha] Get label - label=「猫 T 恤」
2023-04-06 18:55:01.439 | DEBUG    | hcaptcha_challenger.core:log:317 - >> Challenge [ArmorCaptcha] 正在编排索引
2023-04-06 18:55:01.783 | DEBUG    | hcaptcha_challenger.core:log:317 - >> Challenge [ArmorCaptcha] 正在下载挑战图片
2023-04-06 18:55:02.988 | DEBUG    | hcaptcha_challenger.core:log:317 - >> Challenge [ArmorCaptcha] Download challenge images - timeit=1.21s
2023-04-06 18:55:03.133 | INFO     | services.bricklayer.core:login:491 - >> MATCH [CookieManager] 刷新令牌
2023-04-06 18:55:10.968 | INFO     | services.bricklayer.core:login:526 - >> MATCH [CookieManager] 实体信息注入完毕
2023-04-06 18:55:10.968 | INFO     | services.bricklayer.core:fall_in_captcha_login:36 - >> ARMOR [ArmorUtils] 正在检测隐藏在登录界面的人机挑战...
2023-04-06 18:55:13.074 | DEBUG    | hcaptcha_challenger.core:log:317 - >> Challenge [ArmorCaptcha] Get label - label=「狗 T 恤」
2023-04-06 18:55:13.074 | DEBUG    | hcaptcha_challenger.core:log:317 - >> Challenge [ArmorCaptcha] 正在编排索引
2023-04-06 18:55:13.443 | DEBUG    | hcaptcha_challenger.core:log:317 - >> Challenge [ArmorCaptcha] 正在下载挑战图片
2023-04-06 18:55:14.643 | DEBUG    | hcaptcha_challenger.core:log:317 - >> Challenge [ArmorCaptcha] Download challenge images - timeit=1.2s
2023-04-06 18:55:14.839 | INFO     | services.bricklayer.core:login:491 - >> MATCH [CookieManager] 刷新令牌
2023-04-06 18:55:24.441 | INFO     | services.bricklayer.core:login:526 - >> MATCH [CookieManager] 实体信息注入完毕
2023-04-06 18:55:24.441 | INFO     | services.bricklayer.core:fall_in_captcha_login:36 - >> ARMOR [ArmorUtils] 正在检测隐藏在登录界面的人机挑战...
2023-04-06 18:55:26.551 | DEBUG    | hcaptcha_challenger.core:log:317 - >> Challenge [ArmorCaptcha] Get label - label=「猫 T 恤」
2023-04-06 18:55:26.551 | DEBUG    | hcaptcha_challenger.core:log:317 - >> Challenge [ArmorCaptcha] 正在编排索引
2023-04-06 18:55:26.946 | DEBUG    | hcaptcha_challenger.core:log:317 - >> Challenge [ArmorCaptcha] 正在下载挑战图片
2023-04-06 18:55:28.198 | DEBUG    | hcaptcha_challenger.core:log:317 - >> Challenge [ArmorCaptcha] Download challenge images - timeit=1.25s
2023-04-06 18:55:28.383 | INFO     | services.bricklayer.core:login:491 - >> MATCH [CookieManager] 刷新令牌
2023-04-06 18:55:37.802 | INFO     | services.bricklayer.core:login:526 - >> MATCH [CookieManager] 实体信息注入完毕
2023-04-06 18:55:37.803 | INFO     | services.bricklayer.core:fall_in_captcha_login:36 - >> ARMOR [ArmorUtils] 正在检测隐藏在登录界面的人机挑战...
2023-04-06 18:55:39.953 | DEBUG    | hcaptcha_challenger.core:log:317 - >> Challenge [ArmorCaptcha] Get label - label=「猫 T 恤」
2023-04-06 18:55:39.954 | DEBUG    | hcaptcha_challenger.core:log:317 - >> Challenge [ArmorCaptcha] 正在编排索引
2023-04-06 18:55:40.288 | DEBUG    | hcaptcha_challenger.core:log:317 - >> Challenge [ArmorCaptcha] 正在下载挑战图片
2023-04-06 18:55:41.496 | DEBUG    | hcaptcha_challenger.core:log:317 - >> Challenge [ArmorCaptcha] Download challenge images - timeit=1.21s
2023-04-06 18:55:41.657 | INFO     | services.bricklayer.core:login:491 - >> MATCH [CookieManager] 刷新令牌
2023-04-06 18:55:49.563 | INFO     | services.bricklayer.core:login:526 - >> MATCH [CookieManager] 实体信息注入完毕
2023-04-06 18:55:49.563 | INFO     | services.bricklayer.core:fall_in_captcha_login:36 - >> ARMOR [ArmorUtils] 正在检测隐藏在登录界面的人机挑战...
2023-04-06 18:55:51.686 | DEBUG    | hcaptcha_challenger.core:log:317 - >> Challenge [ArmorCaptcha] Get label - label=「猫 T 恤」
2023-04-06 18:55:51.687 | DEBUG    | hcaptcha_challenger.core:log:317 - >> Challenge [ArmorCaptcha] 正在编排索引
2023-04-06 18:55:52.032 | DEBUG    | hcaptcha_challenger.core:log:317 - >> Challenge [ArmorCaptcha] 正在下载挑战图片
2023-04-06 18:55:53.271 | DEBUG    | hcaptcha_challenger.core:log:317 - >> Challenge [ArmorCaptcha] Download challenge images - timeit=1.24s
2023-04-06 18:55:53.419 | INFO     | services.bricklayer.core:login:491 - >> MATCH [CookieManager] 刷新令牌
2023-04-06 18:56:01.092 | INFO     | services.bricklayer.core:login:526 - >> MATCH [CookieManager] 实体信息注入完毕
2023-04-06 18:56:01.092 | INFO     | services.bricklayer.core:fall_in_captcha_login:36 - >> ARMOR [ArmorUtils] 正在检测隐藏在登录界面的人机挑战...
2023-04-06 18:56:03.215 | DEBUG    | hcaptcha_challenger.core:log:317 - >> Challenge [ArmorCaptcha] Get label - label=「热狗」
2023-04-06 18:56:03.215 | DEBUG    | hcaptcha_challenger.core:log:317 - >> Challenge [ArmorCaptcha] 正在编排索引
2023-04-06 18:56:03.571 | DEBUG    | hcaptcha_challenger.core:log:317 - >> Challenge [ArmorCaptcha] 正在下载挑战图片
2023-04-06 18:56:04.936 | DEBUG    | hcaptcha_challenger.core:log:317 - >> Challenge [ArmorCaptcha] Download challenge images - timeit=1.36s
2023-04-06 18:56:06.683 | DEBUG    | hcaptcha_challenger.core:log:317 - >> Challenge [ArmorCaptcha] Submit the challenge - hot_dog(ResNet)_model: 0.01s
2023-04-06 18:56:06.692 | DEBUG    | hcaptcha_challenger.core:log:317 - >> Challenge [ArmorCaptcha] 获取响应 - desc=继续挑战(continue)
2023-04-06 18:56:08.707 | DEBUG    | hcaptcha_challenger.core:log:317 - >> Challenge [ArmorCaptcha] Get label - label=「热狗」
2023-04-06 18:56:08.707 | DEBUG    | hcaptcha_challenger.core:log:317 - >> Challenge [ArmorCaptcha] 正在编排索引
2023-04-06 18:56:09.037 | DEBUG    | hcaptcha_challenger.core:log:317 - >> Challenge [ArmorCaptcha] 正在下载挑战图片
2023-04-06 18:56:10.286 | DEBUG    | hcaptcha_challenger.core:log:317 - >> Challenge [ArmorCaptcha] Download challenge images - timeit=1.25s
2023-04-06 18:56:11.868 | DEBUG    | hcaptcha_challenger.core:log:317 - >> Challenge [ArmorCaptcha] Submit the challenge - hot_dog(ResNet)_model: 0.01s
2023-04-06 18:56:11.912 | DEBUG    | hcaptcha_challenger.core:log:317 - >> Challenge [ArmorCaptcha] Checkout - status=再试一次
2023-04-06 18:56:11.912 | DEBUG    | hcaptcha_challenger.core:log:317 - >> Challenge [ArmorCaptcha] 获取响应 - desc=继续挑战(continue)
2023-04-06 18:56:13.914 | INFO     | services.bricklayer.core:login:491 - >> MATCH [CookieManager] 刷新令牌
2023-04-06 18:56:21.776 | INFO     | services.bricklayer.core:login:526 - >> MATCH [CookieManager] 实体信息注入完毕
2023-04-06 18:56:21.776 | INFO     | services.bricklayer.core:fall_in_captcha_login:36 - >> ARMOR [ArmorUtils] 正在检测隐藏在登录界面的人机挑战...
2023-04-06 18:56:23.879 | DEBUG    | hcaptcha_challenger.core:log:317 - >> Challenge [ArmorCaptcha] Get label - label=「猫 T 恤」
2023-04-06 18:56:23.879 | DEBUG    | hcaptcha_challenger.core:log:317 - >> Challenge [ArmorCaptcha] 正在编排索引
2023-04-06 18:56:24.239 | DEBUG    | hcaptcha_challenger.core:log:317 - >> Challenge [ArmorCaptcha] 正在下载挑战图片
2023-04-06 18:56:25.470 | DEBUG    | hcaptcha_challenger.core:log:317 - >> Challenge [ArmorCaptcha] Download challenge images - timeit=1.23s
2023-04-06 18:56:25.637 | INFO     | services.bricklayer.core:login:491 - >> MATCH [CookieManager] 刷新令牌
2023-04-06 18:56:33.312 | INFO     | services.bricklayer.core:login:526 - >> MATCH [CookieManager] 实体信息注入完毕
2023-04-06 18:56:33.312 | INFO     | services.bricklayer.core:fall_in_captcha_login:36 - >> ARMOR [ArmorUtils] 正在检测隐藏在登录界面的人机挑战...
2023-04-06 18:56:35.436 | DEBUG    | hcaptcha_challenger.core:log:317 - >> Challenge [ArmorCaptcha] Get label - label=「狗 T 恤」
2023-04-06 18:56:35.437 | DEBUG    | hcaptcha_challenger.core:log:317 - >> Challenge [ArmorCaptcha] 正在编排索引
2023-04-06 18:56:35.774 | DEBUG    | hcaptcha_challenger.core:log:317 - >> Challenge [ArmorCaptcha] 正在下载挑战图片
2023-04-06 18:56:36.987 | DEBUG    | hcaptcha_challenger.core:log:317 - >> Challenge [ArmorCaptcha] Download challenge images - timeit=1.21s
2023-04-06 18:56:37.171 | INFO     | services.bricklayer.core:login:491 - >> MATCH [CookieManager] 刷新令牌
2023-04-06 18:56:46.453 | INFO     | services.bricklayer.core:login:526 - >> MATCH [CookieManager] 实体信息注入完毕
2023-04-06 18:56:46.453 | INFO     | services.bricklayer.core:fall_in_captcha_login:36 - >> ARMOR [ArmorUtils] 正在检测隐藏在登录界面的人机挑战...
2023-04-06 18:56:48.593 | DEBUG    | hcaptcha_challenger.core:log:317 - >> Challenge [ArmorCaptcha] Get label - label=「猫 T 恤」
2023-04-06 18:56:48.593 | DEBUG    | hcaptcha_challenger.core:log:317 - >> Challenge [ArmorCaptcha] 正在编排索引
2023-04-06 18:56:48.924 | DEBUG    | hcaptcha_challenger.core:log:317 - >> Challenge [ArmorCaptcha] 正在下载挑战图片
2023-04-06 18:56:50.133 | DEBUG    | hcaptcha_challenger.core:log:317 - >> Challenge [ArmorCaptcha] Download challenge images - timeit=1.21s
2023-04-06 18:56:50.287 | INFO     | services.bricklayer.core:login:491 - >> MATCH [CookieManager] 刷新令牌
2023-04-06 18:56:58.051 | INFO     | services.bricklayer.core:login:526 - >> MATCH [CookieManager] 实体信息注入完毕
2023-04-06 18:56:58.052 | INFO     | services.bricklayer.core:fall_in_captcha_login:36 - >> ARMOR [ArmorUtils] 正在检测隐藏在登录界面的人机挑战...
2023-04-06 18:57:00.195 | DEBUG    | hcaptcha_challenger.core:log:317 - >> Challenge [ArmorCaptcha] Get label - label=「猫 T 恤」
2023-04-06 18:57:00.195 | DEBUG    | hcaptcha_challenger.core:log:317 - >> Challenge [ArmorCaptcha] 正在编排索引
2023-04-06 18:57:00.515 | DEBUG    | hcaptcha_challenger.core:log:317 - >> Challenge [ArmorCaptcha] 正在下载挑战图片
2023-04-06 18:57:01.732 | DEBUG    | hcaptcha_challenger.core:log:317 - >> Challenge [ArmorCaptcha] Download challenge images - timeit=1.22s
2023-04-06 18:57:01.884 | INFO     | services.bricklayer.core:login:491 - >> MATCH [CookieManager] 刷新令牌
2023-04-06 18:57:09.419 | INFO     | services.bricklayer.core:login:526 - >> MATCH [CookieManager] 实体信息注入完毕
2023-04-06 18:57:09.419 | INFO     | services.bricklayer.core:fall_in_captcha_login:36 - >> ARMOR [ArmorUtils] 正在检测隐藏在登录界面的人机挑战...
2023-04-06 18:57:11.557 | DEBUG    | hcaptcha_challenger.core:log:317 - >> Challenge [ArmorCaptcha] Get label - label=「猫 T 恤」
2023-04-06 18:57:11.557 | DEBUG    | hcaptcha_challenger.core:log:317 - >> Challenge [ArmorCaptcha] 正在编排索引
2023-04-06 18:57:11.897 | DEBUG    | hcaptcha_challenger.core:log:317 - >> Challenge [ArmorCaptcha] 正在下载挑战图片
2023-04-06 18:57:13.111 | DEBUG    | hcaptcha_challenger.core:log:317 - >> Challenge [ArmorCaptcha] Download challenge images - timeit=1.21s
2023-04-06 18:57:13.294 | INFO     | services.bricklayer.core:login:491 - >> MATCH [CookieManager] 刷新令牌
2023-04-06 18:57:21.098 | INFO     | services.bricklayer.core:login:526 - >> MATCH [CookieManager] 实体信息注入完毕
2023-04-06 18:57:21.098 | INFO     | services.bricklayer.core:fall_in_captcha_login:36 - >> ARMOR [ArmorUtils] 正在检测隐藏在登录界面的人机挑战...
2023-04-06 18:57:23.211 | DEBUG    | hcaptcha_challenger.core:log:317 - >> Challenge [ArmorCaptcha] Get label - label=「猫 T 恤」
2023-04-06 18:57:23.211 | DEBUG    | hcaptcha_challenger.core:log:317 - >> Challenge [ArmorCaptcha] 正在编排索引
2023-04-06 18:57:23.537 | DEBUG    | hcaptcha_challenger.core:log:317 - >> Challenge [ArmorCaptcha] 正在下载挑战图片
2023-04-06 18:57:24.754 | DEBUG    | hcaptcha_challenger.core:log:317 - >> Challenge [ArmorCaptcha] Download challenge images - timeit=1.22s
2023-04-06 18:57:24.913 | INFO     | services.bricklayer.core:login:491 - >> MATCH [CookieManager] 刷新令牌
2023-04-06 18:57:32.661 | INFO     | services.bricklayer.core:login:526 - >> MATCH [CookieManager] 实体信息注入完毕
2023-04-06 18:57:32.661 | INFO     | services.bricklayer.core:fall_in_captcha_login:36 - >> ARMOR [ArmorUtils] 正在检测隐藏在登录界面的人机挑战...
2023-04-06 18:57:34.809 | DEBUG    | hcaptcha_challenger.core:log:317 - >> Challenge [ArmorCaptcha] Get label - label=「猫 T 恤」
2023-04-06 18:57:34.809 | DEBUG    | hcaptcha_challenger.core:log:317 - >> Challenge [ArmorCaptcha] 正在编排索引
2023-04-06 18:57:35.158 | DEBUG    | hcaptcha_challenger.core:log:317 - >> Challenge [ArmorCaptcha] 正在下载挑战图片
2023-04-06 18:57:36.499 | DEBUG    | hcaptcha_challenger.core:log:317 - >> Challenge [ArmorCaptcha] Download challenge images - timeit=1.34s
2023-04-06 18:57:36.656 | INFO     | services.bricklayer.core:login:491 - >> MATCH [CookieManager] 刷新令牌
2023-04-06 18:57:44.448 | INFO     | services.bricklayer.core:login:526 - >> MATCH [CookieManager] 实体信息注入完毕
2023-04-06 18:57:44.448 | INFO     | services.bricklayer.core:fall_in_captcha_login:36 - >> ARMOR [ArmorUtils] 正在检测隐藏在登录界面的人机挑战...
2023-04-06 18:57:46.599 | DEBUG    | hcaptcha_challenger.core:log:317 - >> Challenge [ArmorCaptcha] Get label - label=「狗 T 恤」
2023-04-06 18:57:46.599 | DEBUG    | hcaptcha_challenger.core:log:317 - >> Challenge [ArmorCaptcha] 正在编排索引
2023-04-06 18:57:46.929 | DEBUG    | hcaptcha_challenger.core:log:317 - >> Challenge [ArmorCaptcha] 正在下载挑战图片
2023-04-06 18:57:48.239 | DEBUG    | hcaptcha_challenger.core:log:317 - >> Challenge [ArmorCaptcha] Download challenge images - timeit=1.31s
2023-04-06 18:57:48.400 | INFO     | services.bricklayer.core:login:491 - >> MATCH [CookieManager] 刷新令牌
2023-04-06 18:57:56.312 | INFO     | services.bricklayer.core:login:526 - >> MATCH [CookieManager] 实体信息注入完毕
2023-04-06 18:57:56.313 | INFO     | services.bricklayer.core:fall_in_captcha_login:36 - >> ARMOR [ArmorUtils] 正在检测隐藏在登录界面的人机挑战...
2023-04-06 18:57:58.467 | DEBUG    | hcaptcha_challenger.core:log:317 - >> Challenge [ArmorCaptcha] Get label - label=「热狗」
2023-04-06 18:57:58.468 | DEBUG    | hcaptcha_challenger.core:log:317 - >> Challenge [ArmorCaptcha] 正在编排索引
2023-04-06 18:57:58.793 | DEBUG    | hcaptcha_challenger.core:log:317 - >> Challenge [ArmorCaptcha] 正在下载挑战图片
2023-04-06 18:58:00.415 | DEBUG    | hcaptcha_challenger.core:log:317 - >> Challenge [ArmorCaptcha] Download challenge images - timeit=1.62s
2023-04-06 18:58:02.160 | DEBUG    | hcaptcha_challenger.core:log:317 - >> Challenge [ArmorCaptcha] Submit the challenge - hot_dog(ResNet)_model: 0.01s
2023-04-06 18:58:02.169 | DEBUG    | hcaptcha_challenger.core:log:317 - >> Challenge [ArmorCaptcha] 获取响应 - desc=继续挑战(continue)
2023-04-06 18:58:04.183 | DEBUG    | hcaptcha_challenger.core:log:317 - >> Challenge [ArmorCaptcha] Get label - label=「热狗」
2023-04-06 18:58:04.184 | DEBUG    | hcaptcha_challenger.core:log:317 - >> Challenge [ArmorCaptcha] 正在编排索引
2023-04-06 18:58:04.507 | DEBUG    | hcaptcha_challenger.core:log:317 - >> Challenge [ArmorCaptcha] 正在下载挑战图片
2023-04-06 18:58:05.765 | DEBUG    | hcaptcha_challenger.core:log:317 - >> Challenge [ArmorCaptcha] Download challenge images - timeit=1.26s
2023-04-06 18:58:07.085 | DEBUG    | hcaptcha_challenger.core:log:317 - >> Challenge [ArmorCaptcha] Submit the challenge - hot_dog(ResNet)_model: 0.01s
2023-04-06 18:58:07.130 | DEBUG    | hcaptcha_challenger.core:log:317 - >> Challenge [ArmorCaptcha] Checkout - status=再试一次
2023-04-06 18:58:07.130 | DEBUG    | hcaptcha_challenger.core:log:317 - >> Challenge [ArmorCaptcha] 获取响应 - desc=继续挑战(continue)
2023-04-06 18:58:09.132 | INFO     | services.bricklayer.core:login:491 - >> MATCH [CookieManager] 刷新令牌
2023-04-06 18:58:18.693 | INFO     | services.bricklayer.core:login:526 - >> MATCH [CookieManager] 实体信息注入完毕
2023-04-06 18:58:18.693 | INFO     | services.bricklayer.core:fall_in_captcha_login:36 - >> ARMOR [ArmorUtils] 正在检测隐藏在登录界面的人机挑战...
2023-04-06 18:58:20.835 | DEBUG    | hcaptcha_challenger.core:log:317 - >> Challenge [ArmorCaptcha] Get label - label=「猫 T 恤」
2023-04-06 18:58:20.835 | DEBUG    | hcaptcha_challenger.core:log:317 - >> Challenge [ArmorCaptcha] 正在编排索引
2023-04-06 18:58:21.189 | DEBUG    | hcaptcha_challenger.core:log:317 - >> Challenge [ArmorCaptcha] 正在下载挑战图片
2023-04-06 18:58:22.470 | DEBUG    | hcaptcha_challenger.core:log:317 - >> Challenge [ArmorCaptcha] Download challenge images - timeit=1.28s
2023-04-06 18:58:22.659 | CRITICAL | services.bricklayer.core:refresh_ctx_cookies:717 - >> MISS [CookieManager] Identity token update failed
2023-04-06 18:58:26.561 | INFO     | services.bricklayer.core:load_ctx_cookies:659 - >> LOAD [CookieManager] Load context cookie
2023-04-06 18:58:26.562 | INFO     | services.explorer.explorer:get_oder_history:216 - 初始化订单数据
2023-04-06 18:58:26.835 | ERROR    | services.explorer.explorer:get_order_history:142 - Failed to get order history, cookie may have expired
Traceback (most recent call last):
  File "/home/runner/work/Sakura-s-Game/Sakura-s-Game/epic/src/main.py", line 11, in <module>
    Fire(Scaffold)
  File "/opt/hostedtoolcache/Python/3.10.10/x64/lib/python3.10/site-packages/fire/core.py", line 141, in Fire
    component_trace = _Fire(component, args, parsed_flag_args, context, name)
  File "/opt/hostedtoolcache/Python/3.10.10/x64/lib/python3.10/site-packages/fire/core.py", line 466, in _Fire
    component, remaining_args = _CallAndUpdateTrace(
  File "/opt/hostedtoolcache/Python/3.10.10/x64/lib/python3.10/site-packages/fire/core.py", line 681, in _CallAndUpdateTrace
    component = fn(*varargs, **kwargs)
  File "/home/runner/work/Sakura-s-Game/Sakura-s-Game/epic/src/services/scaffold.py", line 138, in claim
    claimer.run(silence=silence, log_ignore=ignore, unreal=unreal)
  File "/home/runner/work/Sakura-s-Game/Sakura-s-Game/epic/src/apis/scaffold/claimer.py", line 26, in run
    ClaimerScheduler(silence=silence, unreal=unreal).job_loop_claim(log_ignore)
  File "/home/runner/work/Sakura-s-Game/Sakura-s-Game/epic/src/services/deploy.py", line 112, in job_loop_claim
    claimer.just_do_it()
  File "/home/runner/work/Sakura-s-Game/Sakura-s-Game/epic/src/services/deploy.py", line 309, in just_do_it
    fire(
  File "/home/runner/work/Sakura-s-Game/Sakura-s-Game/epic/src/services/utils/toolbox.py", line 84, in fire
    container(context)
  File "/home/runner/work/Sakura-s-Game/Sakura-s-Game/epic/src/services/deploy.py", line 301, in run
    promotions = self.preload()
  File "/home/runner/work/Sakura-s-Game/Sakura-s-Game/epic/src/services/deploy.py", line 269, in preload
    self.ph.get_oder_history(ctx_cookies=self._ctx_cookies)
  File "/home/runner/work/Sakura-s-Game/Sakura-s-Game/epic/src/services/explorer/explorer.py", line 219, in get_oder_history
    if resp := explorer.get_order_history(ctx_cookies):
> File "/home/runner/work/Sakura-s-Game/Sakura-s-Game/epic/src/services/explorer/explorer.py", line 140, in get_order_history
    raise RequestException("Failed to get order history, cookie may have expired")
requests.exceptions.RequestException: Failed to get order history, cookie may have expired
2023-04-06 18:58:27.305 | DEBUG    | services.deploy:preload:286 - >> Checkout [GameClaimer] Tunche - state=待认领 link=https://store.epicgames.com/zh-CN/p/tunche
2023-04-06 18:58:27.305 | DEBUG    | services.deploy:preload:286 - >> Checkout [GameClaimer] The Silent Age - state=待认领 link=https://store.epicgames.com/zh-CN/p/the-silent-age-eb6972
2023-04-06 18:58:30.005 | DEBUG    | services.bricklayer.game:purchase_status:113 - >> Checkout [GameClaimer] Tunche - state=获取 link=https://store.epicgames.com/zh-CN/p/tunche
2023-04-06 18:58:30.581 | INFO     | services.bricklayer.game:get_free_game:152 - [🔖] 已激活商品页零元购订单
2023-04-06 18:58:30.610 | DEBUG    | services.bricklayer.core:cart_handle_payment:556 - [🛵] 处理购物订单...
2023-04-06 18:59:06.045 | ERROR    | services.scaffold:claim:138 - An error has been caught in function 'claim', process 'MainProcess' (1840), thread 'MainThread' (140657442262080):
Traceback (most recent call last):
  File "/home/runner/work/Sakura-s-Game/Sakura-s-Game/epic/src/main.py", line 11, in <module>
    Fire(Scaffold)
  File "/opt/hostedtoolcache/Python/3.10.10/x64/lib/python3.10/site-packages/fire/core.py", line 141, in Fire
    component_trace = _Fire(component, args, parsed_flag_args, context, name)
  File "/opt/hostedtoolcache/Python/3.10.10/x64/lib/python3.10/site-packages/fire/core.py", line 466, in _Fire
    component, remaining_args = _CallAndUpdateTrace(
  File "/opt/hostedtoolcache/Python/3.10.10/x64/lib/python3.10/site-packages/fire/core.py", line 681, in _CallAndUpdateTrace
    component = fn(*varargs, **kwargs)
> File "/home/runner/work/Sakura-s-Game/Sakura-s-Game/epic/src/services/scaffold.py", line 138, in claim
    claimer.run(silence=silence, log_ignore=ignore, unreal=unreal)
  File "/home/runner/work/Sakura-s-Game/Sakura-s-Game/epic/src/apis/scaffold/claimer.py", line 26, in run
    ClaimerScheduler(silence=silence, unreal=unreal).job_loop_claim(log_ignore)
  File "/home/runner/work/Sakura-s-Game/Sakura-s-Game/epic/src/services/deploy.py", line 112, in job_loop_claim
    claimer.just_do_it()
  File "/home/runner/work/Sakura-s-Game/Sakura-s-Game/epic/src/services/deploy.py", line 309, in just_do_it
    fire(
  File "/home/runner/work/Sakura-s-Game/Sakura-s-Game/epic/src/services/utils/toolbox.py", line 84, in fire
    container(context)
  File "/home/runner/work/Sakura-s-Game/Sakura-s-Game/epic/src/services/deploy.py", line 305, in run
    result = empower_games_claimer(self.bricklayer, promotion.url, page, pattern="get")
  File "/home/runner/work/Sakura-s-Game/Sakura-s-Game/epic/src/services/bricklayer/game.py", line 170, in empower_games_claimer
    return claimer.get_free_game(page_link=page_link, page=page, pattern=pattern)
  File "/home/runner/work/Sakura-s-Game/Sakura-s-Game/epic/src/services/bricklayer/game.py", line 157, in get_free_game
    self.cart_handle_payment(page)  # mode: get
  File "/home/runner/work/Sakura-s-Game/Sakura-s-Game/epic/src/services/bricklayer/core.py", line 557, in cart_handle_payment
    if self._click_order_button(page):  # cart_handle_payment
  File "/home/runner/work/Sakura-s-Game/Sakura-s-Game/epic/src/services/bricklayer/core.py", line 456, in _click_order_button
    payment_btn.click()
  File "/opt/hostedtoolcache/Python/3.10.10/x64/lib/python3.10/site-packages/playwright/sync_api/_generated.py", line 13519, in click
    self._sync(
  File "/opt/hostedtoolcache/Python/3.10.10/x64/lib/python3.10/site-packages/playwright/_impl/_sync_base.py", line 104, in _sync
    return task.result()
  File "/opt/hostedtoolcache/Python/3.10.10/x64/lib/python3.10/site-packages/playwright/_impl/_locator.py", line 149, in click
    return await self._frame.click(self._selector, strict=True, **params)
  File "/opt/hostedtoolcache/Python/3.10.10/x64/lib/python3.10/site-packages/playwright/_impl/_frame.py", line 484, in click
    await self._channel.send("click", locals_to_params(locals()))
  File "/opt/hostedtoolcache/Python/3.10.10/x64/lib/python3.10/site-packages/playwright/_impl/_connection.py", line 43, in send
    return await self._connection.wrap_api_call(
  File "/opt/hostedtoolcache/Python/3.10.10/x64/lib/python3.10/site-packages/playwright/_impl/_connection.py", line 396, in wrap_api_call
    return await cb()
  File "/opt/hostedtoolcache/Python/3.10.10/x64/lib/python3.10/site-packages/playwright/_impl/_connection.py", line 78, in inner_send
    result = next(iter(done)).result()
playwright._impl._api_types.TimeoutError: Timeout 30000ms exceeded.
=========================== logs ===========================
  waiting for frame "xpath=//div[@id='webPurchaseContainer']//iframe"
============================================================
