2023-04-06 18:58:22.659 | CRITICAL | services.bricklayer.core:refresh_ctx_cookies:717 - >> MISS [CookieManager] Identity token update failed
2023-04-06 18:58:26.835 | ERROR    | services.explorer.explorer:get_order_history:142 - Failed to get order history, cookie may have expired
Traceback (most recent call last):
  File "/home/runner/work/Sakura-s-Game/Sakura-s-Game/epic/src/main.py", line 11, in <module>
    Fire(Scaffold)
  File "/opt/hostedtoolcache/Python/3.10.10/x64/lib/python3.10/site-packages/fire/core.py", line 141, in Fire
    component_trace = _Fire(component, args, parsed_flag_args, context, name)
  File "/opt/hostedtoolcache/Python/3.10.10/x64/lib/python3.10/site-packages/fire/core.py", line 466, in _Fire
    component, remaining_args = _CallAndUpdateTrace(
  File "/opt/hostedtoolcache/Python/3.10.10/x64/lib/python3.10/site-packages/fire/core.py", line 681, in _CallAndUpdateTrace
    component = fn(*varargs, **kwargs)
  File "/home/runner/work/Sakura-s-Game/Sakura-s-Game/epic/src/services/scaffold.py", line 138, in claim
    claimer.run(silence=silence, log_ignore=ignore, unreal=unreal)
  File "/home/runner/work/Sakura-s-Game/Sakura-s-Game/epic/src/apis/scaffold/claimer.py", line 26, in run
    ClaimerScheduler(silence=silence, unreal=unreal).job_loop_claim(log_ignore)
  File "/home/runner/work/Sakura-s-Game/Sakura-s-Game/epic/src/services/deploy.py", line 112, in job_loop_claim
    claimer.just_do_it()
  File "/home/runner/work/Sakura-s-Game/Sakura-s-Game/epic/src/services/deploy.py", line 309, in just_do_it
    fire(
  File "/home/runner/work/Sakura-s-Game/Sakura-s-Game/epic/src/services/utils/toolbox.py", line 84, in fire
    container(context)
  File "/home/runner/work/Sakura-s-Game/Sakura-s-Game/epic/src/services/deploy.py", line 301, in run
    promotions = self.preload()
  File "/home/runner/work/Sakura-s-Game/Sakura-s-Game/epic/src/services/deploy.py", line 269, in preload
    self.ph.get_oder_history(ctx_cookies=self._ctx_cookies)
  File "/home/runner/work/Sakura-s-Game/Sakura-s-Game/epic/src/services/explorer/explorer.py", line 219, in get_oder_history
    if resp := explorer.get_order_history(ctx_cookies):
> File "/home/runner/work/Sakura-s-Game/Sakura-s-Game/epic/src/services/explorer/explorer.py", line 140, in get_order_history
    raise RequestException("Failed to get order history, cookie may have expired")
requests.exceptions.RequestException: Failed to get order history, cookie may have expired
2023-04-06 18:59:06.045 | ERROR    | services.scaffold:claim:138 - An error has been caught in function 'claim', process 'MainProcess' (1840), thread 'MainThread' (140657442262080):
Traceback (most recent call last):
  File "/home/runner/work/Sakura-s-Game/Sakura-s-Game/epic/src/main.py", line 11, in <module>
    Fire(Scaffold)
  File "/opt/hostedtoolcache/Python/3.10.10/x64/lib/python3.10/site-packages/fire/core.py", line 141, in Fire
    component_trace = _Fire(component, args, parsed_flag_args, context, name)
  File "/opt/hostedtoolcache/Python/3.10.10/x64/lib/python3.10/site-packages/fire/core.py", line 466, in _Fire
    component, remaining_args = _CallAndUpdateTrace(
  File "/opt/hostedtoolcache/Python/3.10.10/x64/lib/python3.10/site-packages/fire/core.py", line 681, in _CallAndUpdateTrace
    component = fn(*varargs, **kwargs)
> File "/home/runner/work/Sakura-s-Game/Sakura-s-Game/epic/src/services/scaffold.py", line 138, in claim
    claimer.run(silence=silence, log_ignore=ignore, unreal=unreal)
  File "/home/runner/work/Sakura-s-Game/Sakura-s-Game/epic/src/apis/scaffold/claimer.py", line 26, in run
    ClaimerScheduler(silence=silence, unreal=unreal).job_loop_claim(log_ignore)
  File "/home/runner/work/Sakura-s-Game/Sakura-s-Game/epic/src/services/deploy.py", line 112, in job_loop_claim
    claimer.just_do_it()
  File "/home/runner/work/Sakura-s-Game/Sakura-s-Game/epic/src/services/deploy.py", line 309, in just_do_it
    fire(
  File "/home/runner/work/Sakura-s-Game/Sakura-s-Game/epic/src/services/utils/toolbox.py", line 84, in fire
    container(context)
  File "/home/runner/work/Sakura-s-Game/Sakura-s-Game/epic/src/services/deploy.py", line 305, in run
    result = empower_games_claimer(self.bricklayer, promotion.url, page, pattern="get")
  File "/home/runner/work/Sakura-s-Game/Sakura-s-Game/epic/src/services/bricklayer/game.py", line 170, in empower_games_claimer
    return claimer.get_free_game(page_link=page_link, page=page, pattern=pattern)
  File "/home/runner/work/Sakura-s-Game/Sakura-s-Game/epic/src/services/bricklayer/game.py", line 157, in get_free_game
    self.cart_handle_payment(page)  # mode: get
  File "/home/runner/work/Sakura-s-Game/Sakura-s-Game/epic/src/services/bricklayer/core.py", line 557, in cart_handle_payment
    if self._click_order_button(page):  # cart_handle_payment
  File "/home/runner/work/Sakura-s-Game/Sakura-s-Game/epic/src/services/bricklayer/core.py", line 456, in _click_order_button
    payment_btn.click()
  File "/opt/hostedtoolcache/Python/3.10.10/x64/lib/python3.10/site-packages/playwright/sync_api/_generated.py", line 13519, in click
    self._sync(
  File "/opt/hostedtoolcache/Python/3.10.10/x64/lib/python3.10/site-packages/playwright/_impl/_sync_base.py", line 104, in _sync
    return task.result()
  File "/opt/hostedtoolcache/Python/3.10.10/x64/lib/python3.10/site-packages/playwright/_impl/_locator.py", line 149, in click
    return await self._frame.click(self._selector, strict=True, **params)
  File "/opt/hostedtoolcache/Python/3.10.10/x64/lib/python3.10/site-packages/playwright/_impl/_frame.py", line 484, in click
    await self._channel.send("click", locals_to_params(locals()))
  File "/opt/hostedtoolcache/Python/3.10.10/x64/lib/python3.10/site-packages/playwright/_impl/_connection.py", line 43, in send
    return await self._connection.wrap_api_call(
  File "/opt/hostedtoolcache/Python/3.10.10/x64/lib/python3.10/site-packages/playwright/_impl/_connection.py", line 396, in wrap_api_call
    return await cb()
  File "/opt/hostedtoolcache/Python/3.10.10/x64/lib/python3.10/site-packages/playwright/_impl/_connection.py", line 78, in inner_send
    result = next(iter(done)).result()
playwright._impl._api_types.TimeoutError: Timeout 30000ms exceeded.
=========================== logs ===========================
  waiting for frame "xpath=//div[@id='webPurchaseContainer']//iframe"
============================================================
2023-04-07 09:31:39.625 | CRITICAL | services.bricklayer.core:refresh_ctx_cookies:717 - >> MISS [CookieManager] Identity token update failed
2023-04-07 09:31:45.565 | ERROR    | services.explorer.explorer:get_order_history:142 - Failed to get order history, cookie may have expired
Traceback (most recent call last):
  File "/home/runner/work/Sakura-s-Game/Sakura-s-Game/epic/src/main.py", line 11, in <module>
    Fire(Scaffold)
  File "/opt/hostedtoolcache/Python/3.10.10/x64/lib/python3.10/site-packages/fire/core.py", line 141, in Fire
    component_trace = _Fire(component, args, parsed_flag_args, context, name)
  File "/opt/hostedtoolcache/Python/3.10.10/x64/lib/python3.10/site-packages/fire/core.py", line 466, in _Fire
    component, remaining_args = _CallAndUpdateTrace(
  File "/opt/hostedtoolcache/Python/3.10.10/x64/lib/python3.10/site-packages/fire/core.py", line 681, in _CallAndUpdateTrace
    component = fn(*varargs, **kwargs)
  File "/home/runner/work/Sakura-s-Game/Sakura-s-Game/epic/src/services/scaffold.py", line 138, in claim
    claimer.run(silence=silence, log_ignore=ignore, unreal=unreal)
  File "/home/runner/work/Sakura-s-Game/Sakura-s-Game/epic/src/apis/scaffold/claimer.py", line 26, in run
    ClaimerScheduler(silence=silence, unreal=unreal).job_loop_claim(log_ignore)
  File "/home/runner/work/Sakura-s-Game/Sakura-s-Game/epic/src/services/deploy.py", line 112, in job_loop_claim
    claimer.just_do_it()
  File "/home/runner/work/Sakura-s-Game/Sakura-s-Game/epic/src/services/deploy.py", line 309, in just_do_it
    fire(
  File "/home/runner/work/Sakura-s-Game/Sakura-s-Game/epic/src/services/utils/toolbox.py", line 84, in fire
    container(context)
  File "/home/runner/work/Sakura-s-Game/Sakura-s-Game/epic/src/services/deploy.py", line 301, in run
    promotions = self.preload()
  File "/home/runner/work/Sakura-s-Game/Sakura-s-Game/epic/src/services/deploy.py", line 269, in preload
    self.ph.get_oder_history(ctx_cookies=self._ctx_cookies)
  File "/home/runner/work/Sakura-s-Game/Sakura-s-Game/epic/src/services/explorer/explorer.py", line 219, in get_oder_history
    if resp := explorer.get_order_history(ctx_cookies):
> File "/home/runner/work/Sakura-s-Game/Sakura-s-Game/epic/src/services/explorer/explorer.py", line 140, in get_order_history
    raise RequestException("Failed to get order history, cookie may have expired")
requests.exceptions.RequestException: Failed to get order history, cookie may have expired
2023-04-07 09:32:29.100 | ERROR    | services.scaffold:claim:138 - An error has been caught in function 'claim', process 'MainProcess' (1900), thread 'MainThread' (140452309838720):
Traceback (most recent call last):
  File "/home/runner/work/Sakura-s-Game/Sakura-s-Game/epic/src/main.py", line 11, in <module>
    Fire(Scaffold)
  File "/opt/hostedtoolcache/Python/3.10.10/x64/lib/python3.10/site-packages/fire/core.py", line 141, in Fire
    component_trace = _Fire(component, args, parsed_flag_args, context, name)
  File "/opt/hostedtoolcache/Python/3.10.10/x64/lib/python3.10/site-packages/fire/core.py", line 466, in _Fire
    component, remaining_args = _CallAndUpdateTrace(
  File "/opt/hostedtoolcache/Python/3.10.10/x64/lib/python3.10/site-packages/fire/core.py", line 681, in _CallAndUpdateTrace
    component = fn(*varargs, **kwargs)
> File "/home/runner/work/Sakura-s-Game/Sakura-s-Game/epic/src/services/scaffold.py", line 138, in claim
    claimer.run(silence=silence, log_ignore=ignore, unreal=unreal)
  File "/home/runner/work/Sakura-s-Game/Sakura-s-Game/epic/src/apis/scaffold/claimer.py", line 26, in run
    ClaimerScheduler(silence=silence, unreal=unreal).job_loop_claim(log_ignore)
  File "/home/runner/work/Sakura-s-Game/Sakura-s-Game/epic/src/services/deploy.py", line 112, in job_loop_claim
    claimer.just_do_it()
  File "/home/runner/work/Sakura-s-Game/Sakura-s-Game/epic/src/services/deploy.py", line 309, in just_do_it
    fire(
  File "/home/runner/work/Sakura-s-Game/Sakura-s-Game/epic/src/services/utils/toolbox.py", line 84, in fire
    container(context)
  File "/home/runner/work/Sakura-s-Game/Sakura-s-Game/epic/src/services/deploy.py", line 305, in run
    result = empower_games_claimer(self.bricklayer, promotion.url, page, pattern="get")
  File "/home/runner/work/Sakura-s-Game/Sakura-s-Game/epic/src/services/bricklayer/game.py", line 170, in empower_games_claimer
    return claimer.get_free_game(page_link=page_link, page=page, pattern=pattern)
  File "/home/runner/work/Sakura-s-Game/Sakura-s-Game/epic/src/services/bricklayer/game.py", line 157, in get_free_game
    self.cart_handle_payment(page)  # mode: get
  File "/home/runner/work/Sakura-s-Game/Sakura-s-Game/epic/src/services/bricklayer/core.py", line 557, in cart_handle_payment
    if self._click_order_button(page):  # cart_handle_payment
  File "/home/runner/work/Sakura-s-Game/Sakura-s-Game/epic/src/services/bricklayer/core.py", line 456, in _click_order_button
    payment_btn.click()
  File "/opt/hostedtoolcache/Python/3.10.10/x64/lib/python3.10/site-packages/playwright/sync_api/_generated.py", line 13519, in click
    self._sync(
  File "/opt/hostedtoolcache/Python/3.10.10/x64/lib/python3.10/site-packages/playwright/_impl/_sync_base.py", line 104, in _sync
    return task.result()
  File "/opt/hostedtoolcache/Python/3.10.10/x64/lib/python3.10/site-packages/playwright/_impl/_locator.py", line 149, in click
    return await self._frame.click(self._selector, strict=True, **params)
  File "/opt/hostedtoolcache/Python/3.10.10/x64/lib/python3.10/site-packages/playwright/_impl/_frame.py", line 484, in click
    await self._channel.send("click", locals_to_params(locals()))
  File "/opt/hostedtoolcache/Python/3.10.10/x64/lib/python3.10/site-packages/playwright/_impl/_connection.py", line 43, in send
    return await self._connection.wrap_api_call(
  File "/opt/hostedtoolcache/Python/3.10.10/x64/lib/python3.10/site-packages/playwright/_impl/_connection.py", line 396, in wrap_api_call
    return await cb()
  File "/opt/hostedtoolcache/Python/3.10.10/x64/lib/python3.10/site-packages/playwright/_impl/_connection.py", line 78, in inner_send
    result = next(iter(done)).result()
playwright._impl._api_types.TimeoutError: Timeout 30000ms exceeded.
=========================== logs ===========================
  waiting for frame "xpath=//div[@id='webPurchaseContainer']//iframe"
============================================================
2023-04-10 09:42:08.971 | CRITICAL | services.bricklayer.core:refresh_ctx_cookies:717 - >> MISS [CookieManager] Identity token update failed
2023-04-10 09:42:13.167 | ERROR    | services.explorer.explorer:get_order_history:142 - Failed to get order history, cookie may have expired
Traceback (most recent call last):
  File "/home/runner/work/Sakura-s-Game/Sakura-s-Game/epic/src/main.py", line 11, in <module>
    Fire(Scaffold)
  File "/opt/hostedtoolcache/Python/3.10.10/x64/lib/python3.10/site-packages/fire/core.py", line 141, in Fire
    component_trace = _Fire(component, args, parsed_flag_args, context, name)
  File "/opt/hostedtoolcache/Python/3.10.10/x64/lib/python3.10/site-packages/fire/core.py", line 466, in _Fire
    component, remaining_args = _CallAndUpdateTrace(
  File "/opt/hostedtoolcache/Python/3.10.10/x64/lib/python3.10/site-packages/fire/core.py", line 681, in _CallAndUpdateTrace
    component = fn(*varargs, **kwargs)
  File "/home/runner/work/Sakura-s-Game/Sakura-s-Game/epic/src/services/scaffold.py", line 138, in claim
    claimer.run(silence=silence, log_ignore=ignore, unreal=unreal)
  File "/home/runner/work/Sakura-s-Game/Sakura-s-Game/epic/src/apis/scaffold/claimer.py", line 26, in run
    ClaimerScheduler(silence=silence, unreal=unreal).job_loop_claim(log_ignore)
  File "/home/runner/work/Sakura-s-Game/Sakura-s-Game/epic/src/services/deploy.py", line 112, in job_loop_claim
    claimer.just_do_it()
  File "/home/runner/work/Sakura-s-Game/Sakura-s-Game/epic/src/services/deploy.py", line 309, in just_do_it
    fire(
  File "/home/runner/work/Sakura-s-Game/Sakura-s-Game/epic/src/services/utils/toolbox.py", line 84, in fire
    container(context)
  File "/home/runner/work/Sakura-s-Game/Sakura-s-Game/epic/src/services/deploy.py", line 301, in run
    promotions = self.preload()
  File "/home/runner/work/Sakura-s-Game/Sakura-s-Game/epic/src/services/deploy.py", line 269, in preload
    self.ph.get_oder_history(ctx_cookies=self._ctx_cookies)
  File "/home/runner/work/Sakura-s-Game/Sakura-s-Game/epic/src/services/explorer/explorer.py", line 219, in get_oder_history
    if resp := explorer.get_order_history(ctx_cookies):
> File "/home/runner/work/Sakura-s-Game/Sakura-s-Game/epic/src/services/explorer/explorer.py", line 140, in get_order_history
    raise RequestException("Failed to get order history, cookie may have expired")
requests.exceptions.RequestException: Failed to get order history, cookie may have expired
2023-04-10 09:42:54.592 | ERROR    | services.scaffold:claim:138 - An error has been caught in function 'claim', process 'MainProcess' (1775), thread 'MainThread' (139699965140032):
Traceback (most recent call last):
  File "/home/runner/work/Sakura-s-Game/Sakura-s-Game/epic/src/main.py", line 11, in <module>
    Fire(Scaffold)
  File "/opt/hostedtoolcache/Python/3.10.10/x64/lib/python3.10/site-packages/fire/core.py", line 141, in Fire
    component_trace = _Fire(component, args, parsed_flag_args, context, name)
  File "/opt/hostedtoolcache/Python/3.10.10/x64/lib/python3.10/site-packages/fire/core.py", line 466, in _Fire
    component, remaining_args = _CallAndUpdateTrace(
  File "/opt/hostedtoolcache/Python/3.10.10/x64/lib/python3.10/site-packages/fire/core.py", line 681, in _CallAndUpdateTrace
    component = fn(*varargs, **kwargs)
> File "/home/runner/work/Sakura-s-Game/Sakura-s-Game/epic/src/services/scaffold.py", line 138, in claim
    claimer.run(silence=silence, log_ignore=ignore, unreal=unreal)
  File "/home/runner/work/Sakura-s-Game/Sakura-s-Game/epic/src/apis/scaffold/claimer.py", line 26, in run
    ClaimerScheduler(silence=silence, unreal=unreal).job_loop_claim(log_ignore)
  File "/home/runner/work/Sakura-s-Game/Sakura-s-Game/epic/src/services/deploy.py", line 112, in job_loop_claim
    claimer.just_do_it()
  File "/home/runner/work/Sakura-s-Game/Sakura-s-Game/epic/src/services/deploy.py", line 309, in just_do_it
    fire(
  File "/home/runner/work/Sakura-s-Game/Sakura-s-Game/epic/src/services/utils/toolbox.py", line 84, in fire
    container(context)
  File "/home/runner/work/Sakura-s-Game/Sakura-s-Game/epic/src/services/deploy.py", line 305, in run
    result = empower_games_claimer(self.bricklayer, promotion.url, page, pattern="get")
  File "/home/runner/work/Sakura-s-Game/Sakura-s-Game/epic/src/services/bricklayer/game.py", line 170, in empower_games_claimer
    return claimer.get_free_game(page_link=page_link, page=page, pattern=pattern)
  File "/home/runner/work/Sakura-s-Game/Sakura-s-Game/epic/src/services/bricklayer/game.py", line 157, in get_free_game
    self.cart_handle_payment(page)  # mode: get
  File "/home/runner/work/Sakura-s-Game/Sakura-s-Game/epic/src/services/bricklayer/core.py", line 557, in cart_handle_payment
    if self._click_order_button(page):  # cart_handle_payment
  File "/home/runner/work/Sakura-s-Game/Sakura-s-Game/epic/src/services/bricklayer/core.py", line 456, in _click_order_button
    payment_btn.click()
  File "/opt/hostedtoolcache/Python/3.10.10/x64/lib/python3.10/site-packages/playwright/sync_api/_generated.py", line 13519, in click
    self._sync(
  File "/opt/hostedtoolcache/Python/3.10.10/x64/lib/python3.10/site-packages/playwright/_impl/_sync_base.py", line 104, in _sync
    return task.result()
  File "/opt/hostedtoolcache/Python/3.10.10/x64/lib/python3.10/site-packages/playwright/_impl/_locator.py", line 149, in click
    return await self._frame.click(self._selector, strict=True, **params)
  File "/opt/hostedtoolcache/Python/3.10.10/x64/lib/python3.10/site-packages/playwright/_impl/_frame.py", line 484, in click
    await self._channel.send("click", locals_to_params(locals()))
  File "/opt/hostedtoolcache/Python/3.10.10/x64/lib/python3.10/site-packages/playwright/_impl/_connection.py", line 43, in send
    return await self._connection.wrap_api_call(
  File "/opt/hostedtoolcache/Python/3.10.10/x64/lib/python3.10/site-packages/playwright/_impl/_connection.py", line 396, in wrap_api_call
    return await cb()
  File "/opt/hostedtoolcache/Python/3.10.10/x64/lib/python3.10/site-packages/playwright/_impl/_connection.py", line 78, in inner_send
    result = next(iter(done)).result()
playwright._impl._api_types.TimeoutError: Timeout 30000ms exceeded.
=========================== logs ===========================
  waiting for frame "xpath=//div[@id='webPurchaseContainer']//iframe"
============================================================
2023-04-13 09:35:22.283 | ERROR    | hcaptcha_challenger._solutions.kernel:request_assets:157 - 0
2023-04-13 09:42:28.365 | CRITICAL | services.bricklayer.core:refresh_ctx_cookies:717 - >> MISS [CookieManager] Identity token update failed
2023-04-13 09:42:33.150 | ERROR    | services.explorer.explorer:get_order_history:142 - Failed to get order history, cookie may have expired
Traceback (most recent call last):
  File "/home/runner/work/Sakura-s-Game/Sakura-s-Game/epic/src/main.py", line 11, in <module>
    Fire(Scaffold)
  File "/opt/hostedtoolcache/Python/3.10.10/x64/lib/python3.10/site-packages/fire/core.py", line 141, in Fire
    component_trace = _Fire(component, args, parsed_flag_args, context, name)
  File "/opt/hostedtoolcache/Python/3.10.10/x64/lib/python3.10/site-packages/fire/core.py", line 466, in _Fire
    component, remaining_args = _CallAndUpdateTrace(
  File "/opt/hostedtoolcache/Python/3.10.10/x64/lib/python3.10/site-packages/fire/core.py", line 681, in _CallAndUpdateTrace
    component = fn(*varargs, **kwargs)
  File "/home/runner/work/Sakura-s-Game/Sakura-s-Game/epic/src/services/scaffold.py", line 138, in claim
    claimer.run(silence=silence, log_ignore=ignore, unreal=unreal)
  File "/home/runner/work/Sakura-s-Game/Sakura-s-Game/epic/src/apis/scaffold/claimer.py", line 26, in run
    ClaimerScheduler(silence=silence, unreal=unreal).job_loop_claim(log_ignore)
  File "/home/runner/work/Sakura-s-Game/Sakura-s-Game/epic/src/services/deploy.py", line 112, in job_loop_claim
    claimer.just_do_it()
  File "/home/runner/work/Sakura-s-Game/Sakura-s-Game/epic/src/services/deploy.py", line 309, in just_do_it
    fire(
  File "/home/runner/work/Sakura-s-Game/Sakura-s-Game/epic/src/services/utils/toolbox.py", line 84, in fire
    container(context)
  File "/home/runner/work/Sakura-s-Game/Sakura-s-Game/epic/src/services/deploy.py", line 301, in run
    promotions = self.preload()
  File "/home/runner/work/Sakura-s-Game/Sakura-s-Game/epic/src/services/deploy.py", line 269, in preload
    self.ph.get_oder_history(ctx_cookies=self._ctx_cookies)
  File "/home/runner/work/Sakura-s-Game/Sakura-s-Game/epic/src/services/explorer/explorer.py", line 219, in get_oder_history
    if resp := explorer.get_order_history(ctx_cookies):
> File "/home/runner/work/Sakura-s-Game/Sakura-s-Game/epic/src/services/explorer/explorer.py", line 140, in get_order_history
    raise RequestException("Failed to get order history, cookie may have expired")
requests.exceptions.RequestException: Failed to get order history, cookie may have expired
2023-04-13 09:43:14.446 | ERROR    | services.scaffold:claim:138 - An error has been caught in function 'claim', process 'MainProcess' (1812), thread 'MainThread' (140352466283584):
Traceback (most recent call last):
  File "/home/runner/work/Sakura-s-Game/Sakura-s-Game/epic/src/main.py", line 11, in <module>
    Fire(Scaffold)
  File "/opt/hostedtoolcache/Python/3.10.10/x64/lib/python3.10/site-packages/fire/core.py", line 141, in Fire
    component_trace = _Fire(component, args, parsed_flag_args, context, name)
  File "/opt/hostedtoolcache/Python/3.10.10/x64/lib/python3.10/site-packages/fire/core.py", line 466, in _Fire
    component, remaining_args = _CallAndUpdateTrace(
  File "/opt/hostedtoolcache/Python/3.10.10/x64/lib/python3.10/site-packages/fire/core.py", line 681, in _CallAndUpdateTrace
    component = fn(*varargs, **kwargs)
> File "/home/runner/work/Sakura-s-Game/Sakura-s-Game/epic/src/services/scaffold.py", line 138, in claim
    claimer.run(silence=silence, log_ignore=ignore, unreal=unreal)
  File "/home/runner/work/Sakura-s-Game/Sakura-s-Game/epic/src/apis/scaffold/claimer.py", line 26, in run
    ClaimerScheduler(silence=silence, unreal=unreal).job_loop_claim(log_ignore)
  File "/home/runner/work/Sakura-s-Game/Sakura-s-Game/epic/src/services/deploy.py", line 112, in job_loop_claim
    claimer.just_do_it()
  File "/home/runner/work/Sakura-s-Game/Sakura-s-Game/epic/src/services/deploy.py", line 309, in just_do_it
    fire(
  File "/home/runner/work/Sakura-s-Game/Sakura-s-Game/epic/src/services/utils/toolbox.py", line 84, in fire
    container(context)
  File "/home/runner/work/Sakura-s-Game/Sakura-s-Game/epic/src/services/deploy.py", line 305, in run
    result = empower_games_claimer(self.bricklayer, promotion.url, page, pattern="get")
  File "/home/runner/work/Sakura-s-Game/Sakura-s-Game/epic/src/services/bricklayer/game.py", line 170, in empower_games_claimer
    return claimer.get_free_game(page_link=page_link, page=page, pattern=pattern)
  File "/home/runner/work/Sakura-s-Game/Sakura-s-Game/epic/src/services/bricklayer/game.py", line 157, in get_free_game
    self.cart_handle_payment(page)  # mode: get
  File "/home/runner/work/Sakura-s-Game/Sakura-s-Game/epic/src/services/bricklayer/core.py", line 557, in cart_handle_payment
    if self._click_order_button(page):  # cart_handle_payment
  File "/home/runner/work/Sakura-s-Game/Sakura-s-Game/epic/src/services/bricklayer/core.py", line 456, in _click_order_button
    payment_btn.click()
  File "/opt/hostedtoolcache/Python/3.10.10/x64/lib/python3.10/site-packages/playwright/sync_api/_generated.py", line 13519, in click
    self._sync(
  File "/opt/hostedtoolcache/Python/3.10.10/x64/lib/python3.10/site-packages/playwright/_impl/_sync_base.py", line 104, in _sync
    return task.result()
  File "/opt/hostedtoolcache/Python/3.10.10/x64/lib/python3.10/site-packages/playwright/_impl/_locator.py", line 149, in click
    return await self._frame.click(self._selector, strict=True, **params)
  File "/opt/hostedtoolcache/Python/3.10.10/x64/lib/python3.10/site-packages/playwright/_impl/_frame.py", line 484, in click
    await self._channel.send("click", locals_to_params(locals()))
  File "/opt/hostedtoolcache/Python/3.10.10/x64/lib/python3.10/site-packages/playwright/_impl/_connection.py", line 43, in send
    return await self._connection.wrap_api_call(
  File "/opt/hostedtoolcache/Python/3.10.10/x64/lib/python3.10/site-packages/playwright/_impl/_connection.py", line 396, in wrap_api_call
    return await cb()
  File "/opt/hostedtoolcache/Python/3.10.10/x64/lib/python3.10/site-packages/playwright/_impl/_connection.py", line 78, in inner_send
    result = next(iter(done)).result()
playwright._impl._api_types.TimeoutError: Timeout 30000ms exceeded.
=========================== logs ===========================
  waiting for frame "xpath=//div[@id='webPurchaseContainer']//iframe"
============================================================
2023-04-14 09:38:37.420 | CRITICAL | services.bricklayer.core:refresh_ctx_cookies:717 - >> MISS [CookieManager] Identity token update failed
2023-04-14 09:38:41.659 | ERROR    | services.explorer.explorer:get_order_history:142 - Failed to get order history, cookie may have expired
Traceback (most recent call last):
  File "/home/runner/work/Sakura-s-Game/Sakura-s-Game/epic/src/main.py", line 11, in <module>
    Fire(Scaffold)
  File "/opt/hostedtoolcache/Python/3.10.11/x64/lib/python3.10/site-packages/fire/core.py", line 141, in Fire
    component_trace = _Fire(component, args, parsed_flag_args, context, name)
  File "/opt/hostedtoolcache/Python/3.10.11/x64/lib/python3.10/site-packages/fire/core.py", line 466, in _Fire
    component, remaining_args = _CallAndUpdateTrace(
  File "/opt/hostedtoolcache/Python/3.10.11/x64/lib/python3.10/site-packages/fire/core.py", line 681, in _CallAndUpdateTrace
    component = fn(*varargs, **kwargs)
  File "/home/runner/work/Sakura-s-Game/Sakura-s-Game/epic/src/services/scaffold.py", line 138, in claim
    claimer.run(silence=silence, log_ignore=ignore, unreal=unreal)
  File "/home/runner/work/Sakura-s-Game/Sakura-s-Game/epic/src/apis/scaffold/claimer.py", line 26, in run
    ClaimerScheduler(silence=silence, unreal=unreal).job_loop_claim(log_ignore)
  File "/home/runner/work/Sakura-s-Game/Sakura-s-Game/epic/src/services/deploy.py", line 112, in job_loop_claim
    claimer.just_do_it()
  File "/home/runner/work/Sakura-s-Game/Sakura-s-Game/epic/src/services/deploy.py", line 309, in just_do_it
    fire(
  File "/home/runner/work/Sakura-s-Game/Sakura-s-Game/epic/src/services/utils/toolbox.py", line 84, in fire
    container(context)
  File "/home/runner/work/Sakura-s-Game/Sakura-s-Game/epic/src/services/deploy.py", line 301, in run
    promotions = self.preload()
  File "/home/runner/work/Sakura-s-Game/Sakura-s-Game/epic/src/services/deploy.py", line 269, in preload
    self.ph.get_oder_history(ctx_cookies=self._ctx_cookies)
  File "/home/runner/work/Sakura-s-Game/Sakura-s-Game/epic/src/services/explorer/explorer.py", line 219, in get_oder_history
    if resp := explorer.get_order_history(ctx_cookies):
> File "/home/runner/work/Sakura-s-Game/Sakura-s-Game/epic/src/services/explorer/explorer.py", line 140, in get_order_history
    raise RequestException("Failed to get order history, cookie may have expired")
requests.exceptions.RequestException: Failed to get order history, cookie may have expired
2023-04-14 09:39:20.722 | ERROR    | services.scaffold:claim:138 - An error has been caught in function 'claim', process 'MainProcess' (1817), thread 'MainThread' (139811729460288):
Traceback (most recent call last):
  File "/home/runner/work/Sakura-s-Game/Sakura-s-Game/epic/src/main.py", line 11, in <module>
    Fire(Scaffold)
  File "/opt/hostedtoolcache/Python/3.10.11/x64/lib/python3.10/site-packages/fire/core.py", line 141, in Fire
    component_trace = _Fire(component, args, parsed_flag_args, context, name)
  File "/opt/hostedtoolcache/Python/3.10.11/x64/lib/python3.10/site-packages/fire/core.py", line 466, in _Fire
    component, remaining_args = _CallAndUpdateTrace(
  File "/opt/hostedtoolcache/Python/3.10.11/x64/lib/python3.10/site-packages/fire/core.py", line 681, in _CallAndUpdateTrace
    component = fn(*varargs, **kwargs)
> File "/home/runner/work/Sakura-s-Game/Sakura-s-Game/epic/src/services/scaffold.py", line 138, in claim
    claimer.run(silence=silence, log_ignore=ignore, unreal=unreal)
  File "/home/runner/work/Sakura-s-Game/Sakura-s-Game/epic/src/apis/scaffold/claimer.py", line 26, in run
    ClaimerScheduler(silence=silence, unreal=unreal).job_loop_claim(log_ignore)
  File "/home/runner/work/Sakura-s-Game/Sakura-s-Game/epic/src/services/deploy.py", line 112, in job_loop_claim
    claimer.just_do_it()
  File "/home/runner/work/Sakura-s-Game/Sakura-s-Game/epic/src/services/deploy.py", line 309, in just_do_it
    fire(
  File "/home/runner/work/Sakura-s-Game/Sakura-s-Game/epic/src/services/utils/toolbox.py", line 84, in fire
    container(context)
  File "/home/runner/work/Sakura-s-Game/Sakura-s-Game/epic/src/services/deploy.py", line 305, in run
    result = empower_games_claimer(self.bricklayer, promotion.url, page, pattern="get")
  File "/home/runner/work/Sakura-s-Game/Sakura-s-Game/epic/src/services/bricklayer/game.py", line 170, in empower_games_claimer
    return claimer.get_free_game(page_link=page_link, page=page, pattern=pattern)
  File "/home/runner/work/Sakura-s-Game/Sakura-s-Game/epic/src/services/bricklayer/game.py", line 157, in get_free_game
    self.cart_handle_payment(page)  # mode: get
  File "/home/runner/work/Sakura-s-Game/Sakura-s-Game/epic/src/services/bricklayer/core.py", line 557, in cart_handle_payment
    if self._click_order_button(page):  # cart_handle_payment
  File "/home/runner/work/Sakura-s-Game/Sakura-s-Game/epic/src/services/bricklayer/core.py", line 456, in _click_order_button
    payment_btn.click()
  File "/opt/hostedtoolcache/Python/3.10.11/x64/lib/python3.10/site-packages/playwright/sync_api/_generated.py", line 13519, in click
    self._sync(
  File "/opt/hostedtoolcache/Python/3.10.11/x64/lib/python3.10/site-packages/playwright/_impl/_sync_base.py", line 104, in _sync
    return task.result()
  File "/opt/hostedtoolcache/Python/3.10.11/x64/lib/python3.10/site-packages/playwright/_impl/_locator.py", line 149, in click
    return await self._frame.click(self._selector, strict=True, **params)
  File "/opt/hostedtoolcache/Python/3.10.11/x64/lib/python3.10/site-packages/playwright/_impl/_frame.py", line 484, in click
    await self._channel.send("click", locals_to_params(locals()))
  File "/opt/hostedtoolcache/Python/3.10.11/x64/lib/python3.10/site-packages/playwright/_impl/_connection.py", line 43, in send
    return await self._connection.wrap_api_call(
  File "/opt/hostedtoolcache/Python/3.10.11/x64/lib/python3.10/site-packages/playwright/_impl/_connection.py", line 396, in wrap_api_call
    return await cb()
  File "/opt/hostedtoolcache/Python/3.10.11/x64/lib/python3.10/site-packages/playwright/_impl/_connection.py", line 78, in inner_send
    result = next(iter(done)).result()
playwright._impl._api_types.TimeoutError: Timeout 30000ms exceeded.
=========================== logs ===========================
  waiting for frame "xpath=//div[@id='webPurchaseContainer']//iframe"
============================================================
2023-04-20 09:44:33.741 | CRITICAL | services.bricklayer.core:refresh_ctx_cookies:717 - >> MISS [CookieManager] Identity token update failed
2023-04-20 09:44:37.554 | ERROR    | services.explorer.explorer:get_order_history:142 - Failed to get order history, cookie may have expired
Traceback (most recent call last):
  File "/home/runner/work/Sakura-s-Game/Sakura-s-Game/epic/src/main.py", line 11, in <module>
    Fire(Scaffold)
  File "/opt/hostedtoolcache/Python/3.10.11/x64/lib/python3.10/site-packages/fire/core.py", line 141, in Fire
    component_trace = _Fire(component, args, parsed_flag_args, context, name)
  File "/opt/hostedtoolcache/Python/3.10.11/x64/lib/python3.10/site-packages/fire/core.py", line 466, in _Fire
    component, remaining_args = _CallAndUpdateTrace(
  File "/opt/hostedtoolcache/Python/3.10.11/x64/lib/python3.10/site-packages/fire/core.py", line 681, in _CallAndUpdateTrace
    component = fn(*varargs, **kwargs)
  File "/home/runner/work/Sakura-s-Game/Sakura-s-Game/epic/src/services/scaffold.py", line 138, in claim
    claimer.run(silence=silence, log_ignore=ignore, unreal=unreal)
  File "/home/runner/work/Sakura-s-Game/Sakura-s-Game/epic/src/apis/scaffold/claimer.py", line 26, in run
    ClaimerScheduler(silence=silence, unreal=unreal).job_loop_claim(log_ignore)
  File "/home/runner/work/Sakura-s-Game/Sakura-s-Game/epic/src/services/deploy.py", line 112, in job_loop_claim
    claimer.just_do_it()
  File "/home/runner/work/Sakura-s-Game/Sakura-s-Game/epic/src/services/deploy.py", line 309, in just_do_it
    fire(
  File "/home/runner/work/Sakura-s-Game/Sakura-s-Game/epic/src/services/utils/toolbox.py", line 84, in fire
    container(context)
  File "/home/runner/work/Sakura-s-Game/Sakura-s-Game/epic/src/services/deploy.py", line 301, in run
    promotions = self.preload()
  File "/home/runner/work/Sakura-s-Game/Sakura-s-Game/epic/src/services/deploy.py", line 269, in preload
    self.ph.get_oder_history(ctx_cookies=self._ctx_cookies)
  File "/home/runner/work/Sakura-s-Game/Sakura-s-Game/epic/src/services/explorer/explorer.py", line 219, in get_oder_history
    if resp := explorer.get_order_history(ctx_cookies):
> File "/home/runner/work/Sakura-s-Game/Sakura-s-Game/epic/src/services/explorer/explorer.py", line 140, in get_order_history
    raise RequestException("Failed to get order history, cookie may have expired")
requests.exceptions.RequestException: Failed to get order history, cookie may have expired
2023-04-20 09:45:17.338 | ERROR    | services.scaffold:claim:138 - An error has been caught in function 'claim', process 'MainProcess' (1818), thread 'MainThread' (140587977813056):
Traceback (most recent call last):
  File "/home/runner/work/Sakura-s-Game/Sakura-s-Game/epic/src/main.py", line 11, in <module>
    Fire(Scaffold)
  File "/opt/hostedtoolcache/Python/3.10.11/x64/lib/python3.10/site-packages/fire/core.py", line 141, in Fire
    component_trace = _Fire(component, args, parsed_flag_args, context, name)
  File "/opt/hostedtoolcache/Python/3.10.11/x64/lib/python3.10/site-packages/fire/core.py", line 466, in _Fire
    component, remaining_args = _CallAndUpdateTrace(
  File "/opt/hostedtoolcache/Python/3.10.11/x64/lib/python3.10/site-packages/fire/core.py", line 681, in _CallAndUpdateTrace
    component = fn(*varargs, **kwargs)
> File "/home/runner/work/Sakura-s-Game/Sakura-s-Game/epic/src/services/scaffold.py", line 138, in claim
    claimer.run(silence=silence, log_ignore=ignore, unreal=unreal)
  File "/home/runner/work/Sakura-s-Game/Sakura-s-Game/epic/src/apis/scaffold/claimer.py", line 26, in run
    ClaimerScheduler(silence=silence, unreal=unreal).job_loop_claim(log_ignore)
  File "/home/runner/work/Sakura-s-Game/Sakura-s-Game/epic/src/services/deploy.py", line 112, in job_loop_claim
    claimer.just_do_it()
  File "/home/runner/work/Sakura-s-Game/Sakura-s-Game/epic/src/services/deploy.py", line 309, in just_do_it
    fire(
  File "/home/runner/work/Sakura-s-Game/Sakura-s-Game/epic/src/services/utils/toolbox.py", line 84, in fire
    container(context)
  File "/home/runner/work/Sakura-s-Game/Sakura-s-Game/epic/src/services/deploy.py", line 305, in run
    result = empower_games_claimer(self.bricklayer, promotion.url, page, pattern="get")
  File "/home/runner/work/Sakura-s-Game/Sakura-s-Game/epic/src/services/bricklayer/game.py", line 170, in empower_games_claimer
    return claimer.get_free_game(page_link=page_link, page=page, pattern=pattern)
  File "/home/runner/work/Sakura-s-Game/Sakura-s-Game/epic/src/services/bricklayer/game.py", line 157, in get_free_game
    self.cart_handle_payment(page)  # mode: get
  File "/home/runner/work/Sakura-s-Game/Sakura-s-Game/epic/src/services/bricklayer/core.py", line 557, in cart_handle_payment
    if self._click_order_button(page):  # cart_handle_payment
  File "/home/runner/work/Sakura-s-Game/Sakura-s-Game/epic/src/services/bricklayer/core.py", line 456, in _click_order_button
    payment_btn.click()
  File "/opt/hostedtoolcache/Python/3.10.11/x64/lib/python3.10/site-packages/playwright/sync_api/_generated.py", line 13519, in click
    self._sync(
  File "/opt/hostedtoolcache/Python/3.10.11/x64/lib/python3.10/site-packages/playwright/_impl/_sync_base.py", line 104, in _sync
    return task.result()
  File "/opt/hostedtoolcache/Python/3.10.11/x64/lib/python3.10/site-packages/playwright/_impl/_locator.py", line 149, in click
    return await self._frame.click(self._selector, strict=True, **params)
  File "/opt/hostedtoolcache/Python/3.10.11/x64/lib/python3.10/site-packages/playwright/_impl/_frame.py", line 484, in click
    await self._channel.send("click", locals_to_params(locals()))
  File "/opt/hostedtoolcache/Python/3.10.11/x64/lib/python3.10/site-packages/playwright/_impl/_connection.py", line 43, in send
    return await self._connection.wrap_api_call(
  File "/opt/hostedtoolcache/Python/3.10.11/x64/lib/python3.10/site-packages/playwright/_impl/_connection.py", line 396, in wrap_api_call
    return await cb()
  File "/opt/hostedtoolcache/Python/3.10.11/x64/lib/python3.10/site-packages/playwright/_impl/_connection.py", line 78, in inner_send
    result = next(iter(done)).result()
playwright._impl._api_types.TimeoutError: Timeout 30000ms exceeded.
=========================== logs ===========================
  waiting for frame "xpath=//div[@id='webPurchaseContainer']//iframe"
============================================================
2023-04-21 09:39:36.106 | CRITICAL | services.bricklayer.core:refresh_ctx_cookies:717 - >> MISS [CookieManager] Identity token update failed
2023-04-21 09:39:39.639 | ERROR    | services.explorer.explorer:get_order_history:142 - Failed to get order history, cookie may have expired
Traceback (most recent call last):
  File "/home/runner/work/Sakura-s-Game/Sakura-s-Game/epic/src/main.py", line 11, in <module>
    Fire(Scaffold)
  File "/opt/hostedtoolcache/Python/3.10.11/x64/lib/python3.10/site-packages/fire/core.py", line 141, in Fire
    component_trace = _Fire(component, args, parsed_flag_args, context, name)
  File "/opt/hostedtoolcache/Python/3.10.11/x64/lib/python3.10/site-packages/fire/core.py", line 466, in _Fire
    component, remaining_args = _CallAndUpdateTrace(
  File "/opt/hostedtoolcache/Python/3.10.11/x64/lib/python3.10/site-packages/fire/core.py", line 681, in _CallAndUpdateTrace
    component = fn(*varargs, **kwargs)
  File "/home/runner/work/Sakura-s-Game/Sakura-s-Game/epic/src/services/scaffold.py", line 138, in claim
    claimer.run(silence=silence, log_ignore=ignore, unreal=unreal)
  File "/home/runner/work/Sakura-s-Game/Sakura-s-Game/epic/src/apis/scaffold/claimer.py", line 26, in run
    ClaimerScheduler(silence=silence, unreal=unreal).job_loop_claim(log_ignore)
  File "/home/runner/work/Sakura-s-Game/Sakura-s-Game/epic/src/services/deploy.py", line 112, in job_loop_claim
    claimer.just_do_it()
  File "/home/runner/work/Sakura-s-Game/Sakura-s-Game/epic/src/services/deploy.py", line 309, in just_do_it
    fire(
  File "/home/runner/work/Sakura-s-Game/Sakura-s-Game/epic/src/services/utils/toolbox.py", line 84, in fire
    container(context)
  File "/home/runner/work/Sakura-s-Game/Sakura-s-Game/epic/src/services/deploy.py", line 301, in run
    promotions = self.preload()
  File "/home/runner/work/Sakura-s-Game/Sakura-s-Game/epic/src/services/deploy.py", line 269, in preload
    self.ph.get_oder_history(ctx_cookies=self._ctx_cookies)
  File "/home/runner/work/Sakura-s-Game/Sakura-s-Game/epic/src/services/explorer/explorer.py", line 219, in get_oder_history
    if resp := explorer.get_order_history(ctx_cookies):
> File "/home/runner/work/Sakura-s-Game/Sakura-s-Game/epic/src/services/explorer/explorer.py", line 140, in get_order_history
    raise RequestException("Failed to get order history, cookie may have expired")
requests.exceptions.RequestException: Failed to get order history, cookie may have expired
2023-04-21 09:40:18.183 | ERROR    | services.scaffold:claim:138 - An error has been caught in function 'claim', process 'MainProcess' (1903), thread 'MainThread' (140226471578688):
Traceback (most recent call last):
  File "/home/runner/work/Sakura-s-Game/Sakura-s-Game/epic/src/main.py", line 11, in <module>
    Fire(Scaffold)
  File "/opt/hostedtoolcache/Python/3.10.11/x64/lib/python3.10/site-packages/fire/core.py", line 141, in Fire
    component_trace = _Fire(component, args, parsed_flag_args, context, name)
  File "/opt/hostedtoolcache/Python/3.10.11/x64/lib/python3.10/site-packages/fire/core.py", line 466, in _Fire
    component, remaining_args = _CallAndUpdateTrace(
  File "/opt/hostedtoolcache/Python/3.10.11/x64/lib/python3.10/site-packages/fire/core.py", line 681, in _CallAndUpdateTrace
    component = fn(*varargs, **kwargs)
> File "/home/runner/work/Sakura-s-Game/Sakura-s-Game/epic/src/services/scaffold.py", line 138, in claim
    claimer.run(silence=silence, log_ignore=ignore, unreal=unreal)
  File "/home/runner/work/Sakura-s-Game/Sakura-s-Game/epic/src/apis/scaffold/claimer.py", line 26, in run
    ClaimerScheduler(silence=silence, unreal=unreal).job_loop_claim(log_ignore)
  File "/home/runner/work/Sakura-s-Game/Sakura-s-Game/epic/src/services/deploy.py", line 112, in job_loop_claim
    claimer.just_do_it()
  File "/home/runner/work/Sakura-s-Game/Sakura-s-Game/epic/src/services/deploy.py", line 309, in just_do_it
    fire(
  File "/home/runner/work/Sakura-s-Game/Sakura-s-Game/epic/src/services/utils/toolbox.py", line 84, in fire
    container(context)
  File "/home/runner/work/Sakura-s-Game/Sakura-s-Game/epic/src/services/deploy.py", line 305, in run
    result = empower_games_claimer(self.bricklayer, promotion.url, page, pattern="get")
  File "/home/runner/work/Sakura-s-Game/Sakura-s-Game/epic/src/services/bricklayer/game.py", line 170, in empower_games_claimer
    return claimer.get_free_game(page_link=page_link, page=page, pattern=pattern)
  File "/home/runner/work/Sakura-s-Game/Sakura-s-Game/epic/src/services/bricklayer/game.py", line 157, in get_free_game
    self.cart_handle_payment(page)  # mode: get
  File "/home/runner/work/Sakura-s-Game/Sakura-s-Game/epic/src/services/bricklayer/core.py", line 557, in cart_handle_payment
    if self._click_order_button(page):  # cart_handle_payment
  File "/home/runner/work/Sakura-s-Game/Sakura-s-Game/epic/src/services/bricklayer/core.py", line 456, in _click_order_button
    payment_btn.click()
  File "/opt/hostedtoolcache/Python/3.10.11/x64/lib/python3.10/site-packages/playwright/sync_api/_generated.py", line 13519, in click
    self._sync(
  File "/opt/hostedtoolcache/Python/3.10.11/x64/lib/python3.10/site-packages/playwright/_impl/_sync_base.py", line 104, in _sync
    return task.result()
  File "/opt/hostedtoolcache/Python/3.10.11/x64/lib/python3.10/site-packages/playwright/_impl/_locator.py", line 149, in click
    return await self._frame.click(self._selector, strict=True, **params)
  File "/opt/hostedtoolcache/Python/3.10.11/x64/lib/python3.10/site-packages/playwright/_impl/_frame.py", line 484, in click
    await self._channel.send("click", locals_to_params(locals()))
  File "/opt/hostedtoolcache/Python/3.10.11/x64/lib/python3.10/site-packages/playwright/_impl/_connection.py", line 43, in send
    return await self._connection.wrap_api_call(
  File "/opt/hostedtoolcache/Python/3.10.11/x64/lib/python3.10/site-packages/playwright/_impl/_connection.py", line 396, in wrap_api_call
    return await cb()
  File "/opt/hostedtoolcache/Python/3.10.11/x64/lib/python3.10/site-packages/playwright/_impl/_connection.py", line 78, in inner_send
    result = next(iter(done)).result()
playwright._impl._api_types.TimeoutError: Timeout 30000ms exceeded.
=========================== logs ===========================
  waiting for frame "xpath=//div[@id='webPurchaseContainer']//iframe"
============================================================
2023-04-27 09:42:17.122 | CRITICAL | services.bricklayer.core:refresh_ctx_cookies:717 - >> MISS [CookieManager] Identity token update failed
2023-04-27 09:42:20.871 | ERROR    | services.explorer.explorer:get_order_history:142 - Failed to get order history, cookie may have expired
Traceback (most recent call last):
  File "/home/runner/work/Sakura-s-Game/Sakura-s-Game/epic/src/main.py", line 11, in <module>
    Fire(Scaffold)
  File "/opt/hostedtoolcache/Python/3.10.11/x64/lib/python3.10/site-packages/fire/core.py", line 141, in Fire
    component_trace = _Fire(component, args, parsed_flag_args, context, name)
  File "/opt/hostedtoolcache/Python/3.10.11/x64/lib/python3.10/site-packages/fire/core.py", line 466, in _Fire
    component, remaining_args = _CallAndUpdateTrace(
  File "/opt/hostedtoolcache/Python/3.10.11/x64/lib/python3.10/site-packages/fire/core.py", line 681, in _CallAndUpdateTrace
    component = fn(*varargs, **kwargs)
  File "/home/runner/work/Sakura-s-Game/Sakura-s-Game/epic/src/services/scaffold.py", line 138, in claim
    claimer.run(silence=silence, log_ignore=ignore, unreal=unreal)
  File "/home/runner/work/Sakura-s-Game/Sakura-s-Game/epic/src/apis/scaffold/claimer.py", line 26, in run
    ClaimerScheduler(silence=silence, unreal=unreal).job_loop_claim(log_ignore)
  File "/home/runner/work/Sakura-s-Game/Sakura-s-Game/epic/src/services/deploy.py", line 112, in job_loop_claim
    claimer.just_do_it()
  File "/home/runner/work/Sakura-s-Game/Sakura-s-Game/epic/src/services/deploy.py", line 309, in just_do_it
    fire(
  File "/home/runner/work/Sakura-s-Game/Sakura-s-Game/epic/src/services/utils/toolbox.py", line 84, in fire
    container(context)
  File "/home/runner/work/Sakura-s-Game/Sakura-s-Game/epic/src/services/deploy.py", line 301, in run
    promotions = self.preload()
  File "/home/runner/work/Sakura-s-Game/Sakura-s-Game/epic/src/services/deploy.py", line 269, in preload
    self.ph.get_oder_history(ctx_cookies=self._ctx_cookies)
  File "/home/runner/work/Sakura-s-Game/Sakura-s-Game/epic/src/services/explorer/explorer.py", line 219, in get_oder_history
    if resp := explorer.get_order_history(ctx_cookies):
> File "/home/runner/work/Sakura-s-Game/Sakura-s-Game/epic/src/services/explorer/explorer.py", line 140, in get_order_history
    raise RequestException("Failed to get order history, cookie may have expired")
requests.exceptions.RequestException: Failed to get order history, cookie may have expired
2023-04-27 09:43:00.389 | ERROR    | services.scaffold:claim:138 - An error has been caught in function 'claim', process 'MainProcess' (1776), thread 'MainThread' (139961340894272):
Traceback (most recent call last):
  File "/home/runner/work/Sakura-s-Game/Sakura-s-Game/epic/src/main.py", line 11, in <module>
    Fire(Scaffold)
  File "/opt/hostedtoolcache/Python/3.10.11/x64/lib/python3.10/site-packages/fire/core.py", line 141, in Fire
    component_trace = _Fire(component, args, parsed_flag_args, context, name)
  File "/opt/hostedtoolcache/Python/3.10.11/x64/lib/python3.10/site-packages/fire/core.py", line 466, in _Fire
    component, remaining_args = _CallAndUpdateTrace(
  File "/opt/hostedtoolcache/Python/3.10.11/x64/lib/python3.10/site-packages/fire/core.py", line 681, in _CallAndUpdateTrace
    component = fn(*varargs, **kwargs)
> File "/home/runner/work/Sakura-s-Game/Sakura-s-Game/epic/src/services/scaffold.py", line 138, in claim
    claimer.run(silence=silence, log_ignore=ignore, unreal=unreal)
  File "/home/runner/work/Sakura-s-Game/Sakura-s-Game/epic/src/apis/scaffold/claimer.py", line 26, in run
    ClaimerScheduler(silence=silence, unreal=unreal).job_loop_claim(log_ignore)
  File "/home/runner/work/Sakura-s-Game/Sakura-s-Game/epic/src/services/deploy.py", line 112, in job_loop_claim
    claimer.just_do_it()
  File "/home/runner/work/Sakura-s-Game/Sakura-s-Game/epic/src/services/deploy.py", line 309, in just_do_it
    fire(
  File "/home/runner/work/Sakura-s-Game/Sakura-s-Game/epic/src/services/utils/toolbox.py", line 84, in fire
    container(context)
  File "/home/runner/work/Sakura-s-Game/Sakura-s-Game/epic/src/services/deploy.py", line 305, in run
    result = empower_games_claimer(self.bricklayer, promotion.url, page, pattern="get")
  File "/home/runner/work/Sakura-s-Game/Sakura-s-Game/epic/src/services/bricklayer/game.py", line 170, in empower_games_claimer
    return claimer.get_free_game(page_link=page_link, page=page, pattern=pattern)
  File "/home/runner/work/Sakura-s-Game/Sakura-s-Game/epic/src/services/bricklayer/game.py", line 157, in get_free_game
    self.cart_handle_payment(page)  # mode: get
  File "/home/runner/work/Sakura-s-Game/Sakura-s-Game/epic/src/services/bricklayer/core.py", line 557, in cart_handle_payment
    if self._click_order_button(page):  # cart_handle_payment
  File "/home/runner/work/Sakura-s-Game/Sakura-s-Game/epic/src/services/bricklayer/core.py", line 456, in _click_order_button
    payment_btn.click()
  File "/opt/hostedtoolcache/Python/3.10.11/x64/lib/python3.10/site-packages/playwright/sync_api/_generated.py", line 13519, in click
    self._sync(
  File "/opt/hostedtoolcache/Python/3.10.11/x64/lib/python3.10/site-packages/playwright/_impl/_sync_base.py", line 104, in _sync
    return task.result()
  File "/opt/hostedtoolcache/Python/3.10.11/x64/lib/python3.10/site-packages/playwright/_impl/_locator.py", line 149, in click
    return await self._frame.click(self._selector, strict=True, **params)
  File "/opt/hostedtoolcache/Python/3.10.11/x64/lib/python3.10/site-packages/playwright/_impl/_frame.py", line 484, in click
    await self._channel.send("click", locals_to_params(locals()))
  File "/opt/hostedtoolcache/Python/3.10.11/x64/lib/python3.10/site-packages/playwright/_impl/_connection.py", line 43, in send
    return await self._connection.wrap_api_call(
  File "/opt/hostedtoolcache/Python/3.10.11/x64/lib/python3.10/site-packages/playwright/_impl/_connection.py", line 396, in wrap_api_call
    return await cb()
  File "/opt/hostedtoolcache/Python/3.10.11/x64/lib/python3.10/site-packages/playwright/_impl/_connection.py", line 78, in inner_send
    result = next(iter(done)).result()
playwright._impl._api_types.TimeoutError: Timeout 30000ms exceeded.
=========================== logs ===========================
  waiting for frame "xpath=//div[@id='webPurchaseContainer']//iframe"
============================================================
2023-04-28 09:50:01.855 | CRITICAL | services.bricklayer.core:refresh_ctx_cookies:717 - >> MISS [CookieManager] Identity token update failed
2023-04-28 09:50:07.195 | ERROR    | services.explorer.explorer:get_order_history:142 - Failed to get order history, cookie may have expired
Traceback (most recent call last):
  File "/home/runner/work/Sakura-s-Game/Sakura-s-Game/epic/src/main.py", line 11, in <module>
    Fire(Scaffold)
  File "/opt/hostedtoolcache/Python/3.10.11/x64/lib/python3.10/site-packages/fire/core.py", line 141, in Fire
    component_trace = _Fire(component, args, parsed_flag_args, context, name)
  File "/opt/hostedtoolcache/Python/3.10.11/x64/lib/python3.10/site-packages/fire/core.py", line 466, in _Fire
    component, remaining_args = _CallAndUpdateTrace(
  File "/opt/hostedtoolcache/Python/3.10.11/x64/lib/python3.10/site-packages/fire/core.py", line 681, in _CallAndUpdateTrace
    component = fn(*varargs, **kwargs)
  File "/home/runner/work/Sakura-s-Game/Sakura-s-Game/epic/src/services/scaffold.py", line 138, in claim
    claimer.run(silence=silence, log_ignore=ignore, unreal=unreal)
  File "/home/runner/work/Sakura-s-Game/Sakura-s-Game/epic/src/apis/scaffold/claimer.py", line 26, in run
    ClaimerScheduler(silence=silence, unreal=unreal).job_loop_claim(log_ignore)
  File "/home/runner/work/Sakura-s-Game/Sakura-s-Game/epic/src/services/deploy.py", line 112, in job_loop_claim
    claimer.just_do_it()
  File "/home/runner/work/Sakura-s-Game/Sakura-s-Game/epic/src/services/deploy.py", line 309, in just_do_it
    fire(
  File "/home/runner/work/Sakura-s-Game/Sakura-s-Game/epic/src/services/utils/toolbox.py", line 84, in fire
    container(context)
  File "/home/runner/work/Sakura-s-Game/Sakura-s-Game/epic/src/services/deploy.py", line 301, in run
    promotions = self.preload()
  File "/home/runner/work/Sakura-s-Game/Sakura-s-Game/epic/src/services/deploy.py", line 269, in preload
    self.ph.get_oder_history(ctx_cookies=self._ctx_cookies)
  File "/home/runner/work/Sakura-s-Game/Sakura-s-Game/epic/src/services/explorer/explorer.py", line 219, in get_oder_history
    if resp := explorer.get_order_history(ctx_cookies):
> File "/home/runner/work/Sakura-s-Game/Sakura-s-Game/epic/src/services/explorer/explorer.py", line 140, in get_order_history
    raise RequestException("Failed to get order history, cookie may have expired")
requests.exceptions.RequestException: Failed to get order history, cookie may have expired
2023-04-28 09:50:47.713 | ERROR    | services.scaffold:claim:138 - An error has been caught in function 'claim', process 'MainProcess' (1867), thread 'MainThread' (140718319795264):
Traceback (most recent call last):
  File "/home/runner/work/Sakura-s-Game/Sakura-s-Game/epic/src/main.py", line 11, in <module>
    Fire(Scaffold)
  File "/opt/hostedtoolcache/Python/3.10.11/x64/lib/python3.10/site-packages/fire/core.py", line 141, in Fire
    component_trace = _Fire(component, args, parsed_flag_args, context, name)
  File "/opt/hostedtoolcache/Python/3.10.11/x64/lib/python3.10/site-packages/fire/core.py", line 466, in _Fire
    component, remaining_args = _CallAndUpdateTrace(
  File "/opt/hostedtoolcache/Python/3.10.11/x64/lib/python3.10/site-packages/fire/core.py", line 681, in _CallAndUpdateTrace
    component = fn(*varargs, **kwargs)
> File "/home/runner/work/Sakura-s-Game/Sakura-s-Game/epic/src/services/scaffold.py", line 138, in claim
    claimer.run(silence=silence, log_ignore=ignore, unreal=unreal)
  File "/home/runner/work/Sakura-s-Game/Sakura-s-Game/epic/src/apis/scaffold/claimer.py", line 26, in run
    ClaimerScheduler(silence=silence, unreal=unreal).job_loop_claim(log_ignore)
  File "/home/runner/work/Sakura-s-Game/Sakura-s-Game/epic/src/services/deploy.py", line 112, in job_loop_claim
    claimer.just_do_it()
  File "/home/runner/work/Sakura-s-Game/Sakura-s-Game/epic/src/services/deploy.py", line 309, in just_do_it
    fire(
  File "/home/runner/work/Sakura-s-Game/Sakura-s-Game/epic/src/services/utils/toolbox.py", line 84, in fire
    container(context)
  File "/home/runner/work/Sakura-s-Game/Sakura-s-Game/epic/src/services/deploy.py", line 305, in run
    result = empower_games_claimer(self.bricklayer, promotion.url, page, pattern="get")
  File "/home/runner/work/Sakura-s-Game/Sakura-s-Game/epic/src/services/bricklayer/game.py", line 170, in empower_games_claimer
    return claimer.get_free_game(page_link=page_link, page=page, pattern=pattern)
  File "/home/runner/work/Sakura-s-Game/Sakura-s-Game/epic/src/services/bricklayer/game.py", line 157, in get_free_game
    self.cart_handle_payment(page)  # mode: get
  File "/home/runner/work/Sakura-s-Game/Sakura-s-Game/epic/src/services/bricklayer/core.py", line 557, in cart_handle_payment
    if self._click_order_button(page):  # cart_handle_payment
  File "/home/runner/work/Sakura-s-Game/Sakura-s-Game/epic/src/services/bricklayer/core.py", line 456, in _click_order_button
    payment_btn.click()
  File "/opt/hostedtoolcache/Python/3.10.11/x64/lib/python3.10/site-packages/playwright/sync_api/_generated.py", line 13519, in click
    self._sync(
  File "/opt/hostedtoolcache/Python/3.10.11/x64/lib/python3.10/site-packages/playwright/_impl/_sync_base.py", line 104, in _sync
    return task.result()
  File "/opt/hostedtoolcache/Python/3.10.11/x64/lib/python3.10/site-packages/playwright/_impl/_locator.py", line 149, in click
    return await self._frame.click(self._selector, strict=True, **params)
  File "/opt/hostedtoolcache/Python/3.10.11/x64/lib/python3.10/site-packages/playwright/_impl/_frame.py", line 484, in click
    await self._channel.send("click", locals_to_params(locals()))
  File "/opt/hostedtoolcache/Python/3.10.11/x64/lib/python3.10/site-packages/playwright/_impl/_connection.py", line 43, in send
    return await self._connection.wrap_api_call(
  File "/opt/hostedtoolcache/Python/3.10.11/x64/lib/python3.10/site-packages/playwright/_impl/_connection.py", line 396, in wrap_api_call
    return await cb()
  File "/opt/hostedtoolcache/Python/3.10.11/x64/lib/python3.10/site-packages/playwright/_impl/_connection.py", line 78, in inner_send
    result = next(iter(done)).result()
playwright._impl._api_types.TimeoutError: Timeout 30000ms exceeded.
=========================== logs ===========================
  waiting for frame "xpath=//div[@id='webPurchaseContainer']//iframe"
============================================================
2023-05-04 09:40:11.159 | CRITICAL | services.bricklayer.core:refresh_ctx_cookies:717 - >> MISS [CookieManager] Identity token update failed
2023-05-04 09:40:15.003 | ERROR    | services.explorer.explorer:get_order_history:142 - Failed to get order history, cookie may have expired
Traceback (most recent call last):
  File "/home/runner/work/Sakura-s-Game/Sakura-s-Game/epic/src/main.py", line 11, in <module>
    Fire(Scaffold)
  File "/opt/hostedtoolcache/Python/3.10.11/x64/lib/python3.10/site-packages/fire/core.py", line 141, in Fire
    component_trace = _Fire(component, args, parsed_flag_args, context, name)
  File "/opt/hostedtoolcache/Python/3.10.11/x64/lib/python3.10/site-packages/fire/core.py", line 466, in _Fire
    component, remaining_args = _CallAndUpdateTrace(
  File "/opt/hostedtoolcache/Python/3.10.11/x64/lib/python3.10/site-packages/fire/core.py", line 681, in _CallAndUpdateTrace
    component = fn(*varargs, **kwargs)
  File "/home/runner/work/Sakura-s-Game/Sakura-s-Game/epic/src/services/scaffold.py", line 138, in claim
    claimer.run(silence=silence, log_ignore=ignore, unreal=unreal)
  File "/home/runner/work/Sakura-s-Game/Sakura-s-Game/epic/src/apis/scaffold/claimer.py", line 26, in run
    ClaimerScheduler(silence=silence, unreal=unreal).job_loop_claim(log_ignore)
  File "/home/runner/work/Sakura-s-Game/Sakura-s-Game/epic/src/services/deploy.py", line 112, in job_loop_claim
    claimer.just_do_it()
  File "/home/runner/work/Sakura-s-Game/Sakura-s-Game/epic/src/services/deploy.py", line 309, in just_do_it
    fire(
  File "/home/runner/work/Sakura-s-Game/Sakura-s-Game/epic/src/services/utils/toolbox.py", line 84, in fire
    container(context)
  File "/home/runner/work/Sakura-s-Game/Sakura-s-Game/epic/src/services/deploy.py", line 301, in run
    promotions = self.preload()
  File "/home/runner/work/Sakura-s-Game/Sakura-s-Game/epic/src/services/deploy.py", line 269, in preload
    self.ph.get_oder_history(ctx_cookies=self._ctx_cookies)
  File "/home/runner/work/Sakura-s-Game/Sakura-s-Game/epic/src/services/explorer/explorer.py", line 219, in get_oder_history
    if resp := explorer.get_order_history(ctx_cookies):
> File "/home/runner/work/Sakura-s-Game/Sakura-s-Game/epic/src/services/explorer/explorer.py", line 140, in get_order_history
    raise RequestException("Failed to get order history, cookie may have expired")
requests.exceptions.RequestException: Failed to get order history, cookie may have expired
2023-05-04 09:40:54.077 | ERROR    | services.scaffold:claim:138 - An error has been caught in function 'claim', process 'MainProcess' (1794), thread 'MainThread' (140588716878912):
Traceback (most recent call last):
  File "/home/runner/work/Sakura-s-Game/Sakura-s-Game/epic/src/main.py", line 11, in <module>
    Fire(Scaffold)
  File "/opt/hostedtoolcache/Python/3.10.11/x64/lib/python3.10/site-packages/fire/core.py", line 141, in Fire
    component_trace = _Fire(component, args, parsed_flag_args, context, name)
  File "/opt/hostedtoolcache/Python/3.10.11/x64/lib/python3.10/site-packages/fire/core.py", line 466, in _Fire
    component, remaining_args = _CallAndUpdateTrace(
  File "/opt/hostedtoolcache/Python/3.10.11/x64/lib/python3.10/site-packages/fire/core.py", line 681, in _CallAndUpdateTrace
    component = fn(*varargs, **kwargs)
> File "/home/runner/work/Sakura-s-Game/Sakura-s-Game/epic/src/services/scaffold.py", line 138, in claim
    claimer.run(silence=silence, log_ignore=ignore, unreal=unreal)
  File "/home/runner/work/Sakura-s-Game/Sakura-s-Game/epic/src/apis/scaffold/claimer.py", line 26, in run
    ClaimerScheduler(silence=silence, unreal=unreal).job_loop_claim(log_ignore)
  File "/home/runner/work/Sakura-s-Game/Sakura-s-Game/epic/src/services/deploy.py", line 112, in job_loop_claim
    claimer.just_do_it()
  File "/home/runner/work/Sakura-s-Game/Sakura-s-Game/epic/src/services/deploy.py", line 309, in just_do_it
    fire(
  File "/home/runner/work/Sakura-s-Game/Sakura-s-Game/epic/src/services/utils/toolbox.py", line 84, in fire
    container(context)
  File "/home/runner/work/Sakura-s-Game/Sakura-s-Game/epic/src/services/deploy.py", line 305, in run
    result = empower_games_claimer(self.bricklayer, promotion.url, page, pattern="get")
  File "/home/runner/work/Sakura-s-Game/Sakura-s-Game/epic/src/services/bricklayer/game.py", line 170, in empower_games_claimer
    return claimer.get_free_game(page_link=page_link, page=page, pattern=pattern)
  File "/home/runner/work/Sakura-s-Game/Sakura-s-Game/epic/src/services/bricklayer/game.py", line 157, in get_free_game
    self.cart_handle_payment(page)  # mode: get
  File "/home/runner/work/Sakura-s-Game/Sakura-s-Game/epic/src/services/bricklayer/core.py", line 557, in cart_handle_payment
    if self._click_order_button(page):  # cart_handle_payment
  File "/home/runner/work/Sakura-s-Game/Sakura-s-Game/epic/src/services/bricklayer/core.py", line 456, in _click_order_button
    payment_btn.click()
  File "/opt/hostedtoolcache/Python/3.10.11/x64/lib/python3.10/site-packages/playwright/sync_api/_generated.py", line 13519, in click
    self._sync(
  File "/opt/hostedtoolcache/Python/3.10.11/x64/lib/python3.10/site-packages/playwright/_impl/_sync_base.py", line 104, in _sync
    return task.result()
  File "/opt/hostedtoolcache/Python/3.10.11/x64/lib/python3.10/site-packages/playwright/_impl/_locator.py", line 149, in click
    return await self._frame.click(self._selector, strict=True, **params)
  File "/opt/hostedtoolcache/Python/3.10.11/x64/lib/python3.10/site-packages/playwright/_impl/_frame.py", line 484, in click
    await self._channel.send("click", locals_to_params(locals()))
  File "/opt/hostedtoolcache/Python/3.10.11/x64/lib/python3.10/site-packages/playwright/_impl/_connection.py", line 43, in send
    return await self._connection.wrap_api_call(
  File "/opt/hostedtoolcache/Python/3.10.11/x64/lib/python3.10/site-packages/playwright/_impl/_connection.py", line 396, in wrap_api_call
    return await cb()
  File "/opt/hostedtoolcache/Python/3.10.11/x64/lib/python3.10/site-packages/playwright/_impl/_connection.py", line 78, in inner_send
    result = next(iter(done)).result()
playwright._impl._api_types.TimeoutError: Timeout 30000ms exceeded.
=========================== logs ===========================
  waiting for frame "xpath=//div[@id='webPurchaseContainer']//iframe"
============================================================
2023-05-05 09:33:18.075 | ERROR    | hcaptcha_challenger._solutions.kernel:_request_assets:165 - 0
2023-05-05 09:34:10.689 | ERROR    | hcaptcha_challenger._solutions.kernel:_request_assets:165 - 0
2023-05-05 09:34:10.881 | ERROR    | hcaptcha_challenger._solutions.kernel:_request_assets:165 - 0
2023-05-05 09:34:11.081 | ERROR    | hcaptcha_challenger._solutions.kernel:_request_assets:165 - 0
2023-05-05 09:34:11.286 | ERROR    | hcaptcha_challenger._solutions.kernel:_request_assets:165 - 0
2023-05-05 09:34:11.480 | ERROR    | hcaptcha_challenger._solutions.kernel:_request_assets:165 - 0
2023-05-05 09:34:11.690 | ERROR    | hcaptcha_challenger._solutions.kernel:_request_assets:165 - 0
2023-05-05 09:34:11.900 | ERROR    | hcaptcha_challenger._solutions.kernel:_request_assets:165 - 0
2023-05-05 09:34:12.113 | ERROR    | hcaptcha_challenger._solutions.kernel:_request_assets:165 - 0
2023-05-05 09:34:12.309 | ERROR    | hcaptcha_challenger._solutions.kernel:_request_assets:165 - 0
2023-05-05 09:34:12.501 | ERROR    | hcaptcha_challenger._solutions.kernel:_request_assets:165 - 0
2023-05-05 09:34:12.709 | ERROR    | hcaptcha_challenger._solutions.kernel:_request_assets:165 - 0
2023-05-05 09:34:18.092 | ERROR    | hcaptcha_challenger._solutions.kernel:_request_assets:165 - 0
2023-05-05 09:34:18.290 | ERROR    | hcaptcha_challenger._solutions.kernel:_request_assets:165 - 0
2023-05-05 09:34:18.492 | ERROR    | hcaptcha_challenger._solutions.kernel:_request_assets:165 - 0
2023-05-05 09:34:18.685 | ERROR    | hcaptcha_challenger._solutions.kernel:_request_assets:165 - 0
2023-05-05 09:34:18.876 | ERROR    | hcaptcha_challenger._solutions.kernel:_request_assets:165 - 0
2023-05-05 09:34:19.084 | ERROR    | hcaptcha_challenger._solutions.kernel:_request_assets:165 - 0
2023-05-05 09:34:19.286 | ERROR    | hcaptcha_challenger._solutions.kernel:_request_assets:165 - 0
2023-05-05 09:34:19.499 | ERROR    | hcaptcha_challenger._solutions.kernel:_request_assets:165 - 0
2023-05-05 09:34:19.704 | ERROR    | hcaptcha_challenger._solutions.kernel:_request_assets:165 - 0
2023-05-05 09:34:19.902 | ERROR    | hcaptcha_challenger._solutions.kernel:_request_assets:165 - 0
2023-05-05 09:34:20.110 | ERROR    | hcaptcha_challenger._solutions.kernel:_request_assets:165 - 0
2023-05-05 09:34:39.939 | ERROR    | hcaptcha_challenger._solutions.kernel:_request_assets:165 - 0
2023-05-05 09:34:40.137 | ERROR    | hcaptcha_challenger._solutions.kernel:_request_assets:165 - 0
2023-05-05 09:34:40.339 | ERROR    | hcaptcha_challenger._solutions.kernel:_request_assets:165 - 0
2023-05-05 09:34:40.538 | ERROR    | hcaptcha_challenger._solutions.kernel:_request_assets:165 - 0
2023-05-05 09:34:40.744 | ERROR    | hcaptcha_challenger._solutions.kernel:_request_assets:165 - 0
2023-05-05 09:34:40.959 | ERROR    | hcaptcha_challenger._solutions.kernel:_request_assets:165 - 0
2023-05-05 09:34:41.171 | ERROR    | hcaptcha_challenger._solutions.kernel:_request_assets:165 - 0
2023-05-05 09:34:41.380 | ERROR    | hcaptcha_challenger._solutions.kernel:_request_assets:165 - 0
2023-05-05 09:34:41.593 | ERROR    | hcaptcha_challenger._solutions.kernel:_request_assets:165 - 0
2023-05-05 09:34:41.798 | ERROR    | hcaptcha_challenger._solutions.kernel:_request_assets:165 - 0
2023-05-05 09:34:42.015 | ERROR    | hcaptcha_challenger._solutions.kernel:_request_assets:165 - 0
2023-05-05 09:34:47.393 | ERROR    | hcaptcha_challenger._solutions.kernel:_request_assets:165 - 0
2023-05-05 09:34:47.595 | ERROR    | hcaptcha_challenger._solutions.kernel:_request_assets:165 - 0
2023-05-05 09:34:47.795 | ERROR    | hcaptcha_challenger._solutions.kernel:_request_assets:165 - 0
2023-05-05 09:34:47.995 | ERROR    | hcaptcha_challenger._solutions.kernel:_request_assets:165 - 0
2023-05-05 09:34:48.193 | ERROR    | hcaptcha_challenger._solutions.kernel:_request_assets:165 - 0
2023-05-05 09:34:48.405 | ERROR    | hcaptcha_challenger._solutions.kernel:_request_assets:165 - 0
2023-05-05 09:34:48.611 | ERROR    | hcaptcha_challenger._solutions.kernel:_request_assets:165 - 0
2023-05-05 09:34:48.832 | ERROR    | hcaptcha_challenger._solutions.kernel:_request_assets:165 - 0
2023-05-05 09:34:49.032 | ERROR    | hcaptcha_challenger._solutions.kernel:_request_assets:165 - 0
2023-05-05 09:34:49.237 | ERROR    | hcaptcha_challenger._solutions.kernel:_request_assets:165 - 0
2023-05-05 09:34:49.459 | ERROR    | hcaptcha_challenger._solutions.kernel:_request_assets:165 - 0
2023-05-05 09:35:25.144 | ERROR    | hcaptcha_challenger._solutions.kernel:_request_assets:165 - 0
2023-05-05 09:35:25.338 | ERROR    | hcaptcha_challenger._solutions.kernel:_request_assets:165 - 0
2023-05-05 09:35:25.527 | ERROR    | hcaptcha_challenger._solutions.kernel:_request_assets:165 - 0
2023-05-05 09:35:25.749 | ERROR    | hcaptcha_challenger._solutions.kernel:_request_assets:165 - 0
2023-05-05 09:35:25.944 | ERROR    | hcaptcha_challenger._solutions.kernel:_request_assets:165 - 0
2023-05-05 09:35:26.143 | ERROR    | hcaptcha_challenger._solutions.kernel:_request_assets:165 - 0
2023-05-05 09:35:26.348 | ERROR    | hcaptcha_challenger._solutions.kernel:_request_assets:165 - 0
2023-05-05 09:35:26.555 | ERROR    | hcaptcha_challenger._solutions.kernel:_request_assets:165 - 0
2023-05-05 09:35:26.747 | ERROR    | hcaptcha_challenger._solutions.kernel:_request_assets:165 - 0
2023-05-05 09:35:26.938 | ERROR    | hcaptcha_challenger._solutions.kernel:_request_assets:165 - 0
2023-05-05 09:35:27.129 | ERROR    | hcaptcha_challenger._solutions.kernel:_request_assets:165 - 0
2023-05-05 09:35:32.465 | ERROR    | hcaptcha_challenger._solutions.kernel:_request_assets:165 - 0
2023-05-05 09:35:32.666 | ERROR    | hcaptcha_challenger._solutions.kernel:_request_assets:165 - 0
2023-05-05 09:35:32.860 | ERROR    | hcaptcha_challenger._solutions.kernel:_request_assets:165 - 0
2023-05-05 09:35:33.080 | ERROR    | hcaptcha_challenger._solutions.kernel:_request_assets:165 - 0
2023-05-05 09:35:33.281 | ERROR    | hcaptcha_challenger._solutions.kernel:_request_assets:165 - 0
2023-05-05 09:35:33.488 | ERROR    | hcaptcha_challenger._solutions.kernel:_request_assets:165 - 0
2023-05-05 09:35:33.699 | ERROR    | hcaptcha_challenger._solutions.kernel:_request_assets:165 - 0
2023-05-05 09:35:33.897 | ERROR    | hcaptcha_challenger._solutions.kernel:_request_assets:165 - 0
2023-05-05 09:35:34.091 | ERROR    | hcaptcha_challenger._solutions.kernel:_request_assets:165 - 0
2023-05-05 09:35:34.290 | ERROR    | hcaptcha_challenger._solutions.kernel:_request_assets:165 - 0
2023-05-05 09:35:34.486 | ERROR    | hcaptcha_challenger._solutions.kernel:_request_assets:165 - 0
2023-05-05 09:36:23.698 | ERROR    | hcaptcha_challenger._solutions.kernel:_request_assets:165 - 0
2023-05-05 09:36:23.892 | ERROR    | hcaptcha_challenger._solutions.kernel:_request_assets:165 - 0
2023-05-05 09:36:24.105 | ERROR    | hcaptcha_challenger._solutions.kernel:_request_assets:165 - 0
2023-05-05 09:36:24.303 | ERROR    | hcaptcha_challenger._solutions.kernel:_request_assets:165 - 0
2023-05-05 09:36:24.511 | ERROR    | hcaptcha_challenger._solutions.kernel:_request_assets:165 - 0
2023-05-05 09:36:24.703 | ERROR    | hcaptcha_challenger._solutions.kernel:_request_assets:165 - 0
2023-05-05 09:36:24.906 | ERROR    | hcaptcha_challenger._solutions.kernel:_request_assets:165 - 0
2023-05-05 09:36:25.106 | ERROR    | hcaptcha_challenger._solutions.kernel:_request_assets:165 - 0
2023-05-05 09:36:25.315 | ERROR    | hcaptcha_challenger._solutions.kernel:_request_assets:165 - 0
2023-05-05 09:36:25.514 | ERROR    | hcaptcha_challenger._solutions.kernel:_request_assets:165 - 0
2023-05-05 09:36:25.729 | ERROR    | hcaptcha_challenger._solutions.kernel:_request_assets:165 - 0
2023-05-05 09:36:30.964 | ERROR    | hcaptcha_challenger._solutions.kernel:_request_assets:165 - 0
2023-05-05 09:36:31.168 | ERROR    | hcaptcha_challenger._solutions.kernel:_request_assets:165 - 0
2023-05-05 09:36:31.374 | ERROR    | hcaptcha_challenger._solutions.kernel:_request_assets:165 - 0
2023-05-05 09:36:31.567 | ERROR    | hcaptcha_challenger._solutions.kernel:_request_assets:165 - 0
2023-05-05 09:36:31.778 | ERROR    | hcaptcha_challenger._solutions.kernel:_request_assets:165 - 0
2023-05-05 09:36:31.988 | ERROR    | hcaptcha_challenger._solutions.kernel:_request_assets:165 - 0
2023-05-05 09:36:32.187 | ERROR    | hcaptcha_challenger._solutions.kernel:_request_assets:165 - 0
2023-05-05 09:36:32.383 | ERROR    | hcaptcha_challenger._solutions.kernel:_request_assets:165 - 0
2023-05-05 09:36:32.592 | ERROR    | hcaptcha_challenger._solutions.kernel:_request_assets:165 - 0
2023-05-05 09:36:32.784 | ERROR    | hcaptcha_challenger._solutions.kernel:_request_assets:165 - 0
2023-05-05 09:36:32.995 | ERROR    | hcaptcha_challenger._solutions.kernel:_request_assets:165 - 0
2023-05-05 09:36:52.380 | ERROR    | hcaptcha_challenger._solutions.kernel:_request_assets:165 - 0
2023-05-05 09:36:52.572 | ERROR    | hcaptcha_challenger._solutions.kernel:_request_assets:165 - 0
2023-05-05 09:36:52.778 | ERROR    | hcaptcha_challenger._solutions.kernel:_request_assets:165 - 0
2023-05-05 09:36:52.974 | ERROR    | hcaptcha_challenger._solutions.kernel:_request_assets:165 - 0
2023-05-05 09:36:53.179 | ERROR    | hcaptcha_challenger._solutions.kernel:_request_assets:165 - 0
2023-05-05 09:36:53.371 | ERROR    | hcaptcha_challenger._solutions.kernel:_request_assets:165 - 0
2023-05-05 09:36:53.580 | ERROR    | hcaptcha_challenger._solutions.kernel:_request_assets:165 - 0
2023-05-05 09:36:53.795 | ERROR    | hcaptcha_challenger._solutions.kernel:_request_assets:165 - 0
2023-05-05 09:36:53.985 | ERROR    | hcaptcha_challenger._solutions.kernel:_request_assets:165 - 0
2023-05-05 09:36:54.180 | ERROR    | hcaptcha_challenger._solutions.kernel:_request_assets:165 - 0
2023-05-05 09:36:54.387 | ERROR    | hcaptcha_challenger._solutions.kernel:_request_assets:165 - 0
2023-05-05 09:36:59.785 | ERROR    | hcaptcha_challenger._solutions.kernel:_request_assets:165 - 0
2023-05-05 09:36:59.982 | ERROR    | hcaptcha_challenger._solutions.kernel:_request_assets:165 - 0
2023-05-05 09:37:00.181 | ERROR    | hcaptcha_challenger._solutions.kernel:_request_assets:165 - 0
2023-05-05 09:37:00.373 | ERROR    | hcaptcha_challenger._solutions.kernel:_request_assets:165 - 0
2023-05-05 09:37:00.573 | ERROR    | hcaptcha_challenger._solutions.kernel:_request_assets:165 - 0
2023-05-05 09:37:00.779 | ERROR    | hcaptcha_challenger._solutions.kernel:_request_assets:165 - 0
2023-05-05 09:37:00.983 | ERROR    | hcaptcha_challenger._solutions.kernel:_request_assets:165 - 0
2023-05-05 09:37:01.146 | ERROR    | hcaptcha_challenger._solutions.kernel:_request_assets:163 - ('Connection aborted.', ConnectionResetError(104, 'Connection reset by peer'))
2023-05-05 09:37:01.335 | ERROR    | hcaptcha_challenger._solutions.kernel:_request_assets:165 - 0
2023-05-05 09:37:01.528 | ERROR    | hcaptcha_challenger._solutions.kernel:_request_assets:165 - 0
2023-05-05 09:37:01.736 | ERROR    | hcaptcha_challenger._solutions.kernel:_request_assets:165 - 0
2023-05-05 09:38:41.933 | CRITICAL | services.bricklayer.core:refresh_ctx_cookies:717 - >> MISS [CookieManager] Identity token update failed
2023-05-05 09:38:47.531 | ERROR    | services.explorer.explorer:get_order_history:142 - Failed to get order history, cookie may have expired
Traceback (most recent call last):
  File "/home/runner/work/Sakura-s-Game/Sakura-s-Game/epic/src/main.py", line 11, in <module>
    Fire(Scaffold)
  File "/opt/hostedtoolcache/Python/3.10.11/x64/lib/python3.10/site-packages/fire/core.py", line 141, in Fire
    component_trace = _Fire(component, args, parsed_flag_args, context, name)
  File "/opt/hostedtoolcache/Python/3.10.11/x64/lib/python3.10/site-packages/fire/core.py", line 466, in _Fire
    component, remaining_args = _CallAndUpdateTrace(
  File "/opt/hostedtoolcache/Python/3.10.11/x64/lib/python3.10/site-packages/fire/core.py", line 681, in _CallAndUpdateTrace
    component = fn(*varargs, **kwargs)
  File "/home/runner/work/Sakura-s-Game/Sakura-s-Game/epic/src/services/scaffold.py", line 138, in claim
    claimer.run(silence=silence, log_ignore=ignore, unreal=unreal)
  File "/home/runner/work/Sakura-s-Game/Sakura-s-Game/epic/src/apis/scaffold/claimer.py", line 26, in run
    ClaimerScheduler(silence=silence, unreal=unreal).job_loop_claim(log_ignore)
  File "/home/runner/work/Sakura-s-Game/Sakura-s-Game/epic/src/services/deploy.py", line 112, in job_loop_claim
    claimer.just_do_it()
  File "/home/runner/work/Sakura-s-Game/Sakura-s-Game/epic/src/services/deploy.py", line 309, in just_do_it
    fire(
  File "/home/runner/work/Sakura-s-Game/Sakura-s-Game/epic/src/services/utils/toolbox.py", line 84, in fire
    container(context)
  File "/home/runner/work/Sakura-s-Game/Sakura-s-Game/epic/src/services/deploy.py", line 301, in run
    promotions = self.preload()
  File "/home/runner/work/Sakura-s-Game/Sakura-s-Game/epic/src/services/deploy.py", line 269, in preload
    self.ph.get_oder_history(ctx_cookies=self._ctx_cookies)
  File "/home/runner/work/Sakura-s-Game/Sakura-s-Game/epic/src/services/explorer/explorer.py", line 219, in get_oder_history
    if resp := explorer.get_order_history(ctx_cookies):
> File "/home/runner/work/Sakura-s-Game/Sakura-s-Game/epic/src/services/explorer/explorer.py", line 140, in get_order_history
    raise RequestException("Failed to get order history, cookie may have expired")
requests.exceptions.RequestException: Failed to get order history, cookie may have expired
2023-05-05 09:39:29.166 | ERROR    | services.scaffold:claim:138 - An error has been caught in function 'claim', process 'MainProcess' (1796), thread 'MainThread' (139675498867584):
Traceback (most recent call last):
  File "/home/runner/work/Sakura-s-Game/Sakura-s-Game/epic/src/main.py", line 11, in <module>
    Fire(Scaffold)
  File "/opt/hostedtoolcache/Python/3.10.11/x64/lib/python3.10/site-packages/fire/core.py", line 141, in Fire
    component_trace = _Fire(component, args, parsed_flag_args, context, name)
  File "/opt/hostedtoolcache/Python/3.10.11/x64/lib/python3.10/site-packages/fire/core.py", line 466, in _Fire
    component, remaining_args = _CallAndUpdateTrace(
  File "/opt/hostedtoolcache/Python/3.10.11/x64/lib/python3.10/site-packages/fire/core.py", line 681, in _CallAndUpdateTrace
    component = fn(*varargs, **kwargs)
> File "/home/runner/work/Sakura-s-Game/Sakura-s-Game/epic/src/services/scaffold.py", line 138, in claim
    claimer.run(silence=silence, log_ignore=ignore, unreal=unreal)
  File "/home/runner/work/Sakura-s-Game/Sakura-s-Game/epic/src/apis/scaffold/claimer.py", line 26, in run
    ClaimerScheduler(silence=silence, unreal=unreal).job_loop_claim(log_ignore)
  File "/home/runner/work/Sakura-s-Game/Sakura-s-Game/epic/src/services/deploy.py", line 112, in job_loop_claim
    claimer.just_do_it()
  File "/home/runner/work/Sakura-s-Game/Sakura-s-Game/epic/src/services/deploy.py", line 309, in just_do_it
    fire(
  File "/home/runner/work/Sakura-s-Game/Sakura-s-Game/epic/src/services/utils/toolbox.py", line 84, in fire
    container(context)
  File "/home/runner/work/Sakura-s-Game/Sakura-s-Game/epic/src/services/deploy.py", line 305, in run
    result = empower_games_claimer(self.bricklayer, promotion.url, page, pattern="get")
  File "/home/runner/work/Sakura-s-Game/Sakura-s-Game/epic/src/services/bricklayer/game.py", line 170, in empower_games_claimer
    return claimer.get_free_game(page_link=page_link, page=page, pattern=pattern)
  File "/home/runner/work/Sakura-s-Game/Sakura-s-Game/epic/src/services/bricklayer/game.py", line 157, in get_free_game
    self.cart_handle_payment(page)  # mode: get
  File "/home/runner/work/Sakura-s-Game/Sakura-s-Game/epic/src/services/bricklayer/core.py", line 557, in cart_handle_payment
    if self._click_order_button(page):  # cart_handle_payment
  File "/home/runner/work/Sakura-s-Game/Sakura-s-Game/epic/src/services/bricklayer/core.py", line 456, in _click_order_button
    payment_btn.click()
  File "/opt/hostedtoolcache/Python/3.10.11/x64/lib/python3.10/site-packages/playwright/sync_api/_generated.py", line 13519, in click
    self._sync(
  File "/opt/hostedtoolcache/Python/3.10.11/x64/lib/python3.10/site-packages/playwright/_impl/_sync_base.py", line 104, in _sync
    return task.result()
  File "/opt/hostedtoolcache/Python/3.10.11/x64/lib/python3.10/site-packages/playwright/_impl/_locator.py", line 149, in click
    return await self._frame.click(self._selector, strict=True, **params)
  File "/opt/hostedtoolcache/Python/3.10.11/x64/lib/python3.10/site-packages/playwright/_impl/_frame.py", line 484, in click
    await self._channel.send("click", locals_to_params(locals()))
  File "/opt/hostedtoolcache/Python/3.10.11/x64/lib/python3.10/site-packages/playwright/_impl/_connection.py", line 43, in send
    return await self._connection.wrap_api_call(
  File "/opt/hostedtoolcache/Python/3.10.11/x64/lib/python3.10/site-packages/playwright/_impl/_connection.py", line 396, in wrap_api_call
    return await cb()
  File "/opt/hostedtoolcache/Python/3.10.11/x64/lib/python3.10/site-packages/playwright/_impl/_connection.py", line 78, in inner_send
    result = next(iter(done)).result()
playwright._impl._api_types.TimeoutError: Timeout 30000ms exceeded.
=========================== logs ===========================
  waiting for frame "xpath=//div[@id='webPurchaseContainer']//iframe"
============================================================
